--------------- Clean Started: 01/28/2017 17:49:30 Project: Ultrasonic_Distance_Meter, Configuration: ARM GCC 4.9-2015-q1-update Debug ---------------
Deleting file ".\CortexM3\ARM_GCC_493\Debug\main.o"
Deleting file ".\CortexM3\ARM_GCC_493\Debug\cyfitter_cfg.o"
Deleting file ".\CortexM3\ARM_GCC_493\Debug\cymetadata.o"
Deleting file ".\CortexM3\ARM_GCC_493\Debug\Out_MAX232.o"
Deleting file ".\CortexM3\ARM_GCC_493\Debug\Out_MAX232_PM.o"
Deleting file ".\CortexM3\ARM_GCC_493\Debug\Clock_1.o"
Deleting file ".\CortexM3\ARM_GCC_493\Debug\Cm3Start.o"
Deleting file ".\CortexM3\ARM_GCC_493\Debug\CyBootAsmGnu.o"
Deleting file ".\CortexM3\ARM_GCC_493\Debug\CyDmac.o"
Deleting file ".\CortexM3\ARM_GCC_493\Debug\CyFlash.o"
Deleting file ".\CortexM3\ARM_GCC_493\Debug\CyLib.o"
Deleting file ".\CortexM3\ARM_GCC_493\Debug\cyPm.o"
Deleting file ".\CortexM3\ARM_GCC_493\Debug\CySpc.o"
Deleting file ".\CortexM3\ARM_GCC_493\Debug\cyutils.o"
Deleting file ".\CortexM3\ARM_GCC_493\Debug\TX1.o"
Deleting file ".\CortexM3\ARM_GCC_493\Debug\TX2.o"
Deleting file ".\CortexM3\ARM_GCC_493\Debug\RX.o"
Deleting file ".\CortexM3\ARM_GCC_493\Debug\Pre_Ampli.o"
Deleting file ".\CortexM3\ARM_GCC_493\Debug\Pre_Ampli_PM.o"
Deleting file ".\CortexM3\ARM_GCC_493\Debug\LCD.o"
Deleting file ".\CortexM3\ARM_GCC_493\Debug\LCD_PM.o"
Deleting file ".\CortexM3\ARM_GCC_493\Debug\LCD_LCDPort.o"
Deleting file ".\CortexM3\ARM_GCC_493\Debug\Timer_TX.o"
Deleting file ".\CortexM3\ARM_GCC_493\Debug\Timer_TX_PM.o"
Deleting file ".\CortexM3\ARM_GCC_493\Debug\Interrupt_TX.o"
Deleting file ".\CortexM3\ARM_GCC_493\Debug\Counter_Pulses.o"
Deleting file ".\CortexM3\ARM_GCC_493\Debug\Counter_Pulses_PM.o"
Deleting file ".\CortexM3\ARM_GCC_493\Debug\Comparator.o"
Deleting file ".\CortexM3\ARM_GCC_493\Debug\Comparator_PM.o"
Deleting file ".\CortexM3\ARM_GCC_493\Debug\Threshold.o"
Deleting file ".\CortexM3\ARM_GCC_493\Debug\Threshold_PM.o"
Deleting file ".\CortexM3\ARM_GCC_493\Debug\Interrupt_RX.o"
Deleting file ".\CortexM3\ARM_GCC_493\Debug\Chronometer.o"
Deleting file ".\CortexM3\ARM_GCC_493\Debug\Chronometer_PM.o"
Deleting file ".\CortexM3\ARM_GCC_493\Debug\Clk.o"
Deleting file ".\CortexM3\ARM_GCC_493\Debug\Test_Ampli.o"
Deleting file ".\CortexM3\ARM_GCC_493\Debug\LED3.o"
Deleting file ".\CortexM3\ARM_GCC_493\Debug\Clock_2.o"
Deleting file ".\CortexM3\ARM_GCC_493\Debug\XBee.o"
Deleting file ".\CortexM3\ARM_GCC_493\Debug\XBee_PM.o"
Deleting file ".\CortexM3\ARM_GCC_493\Debug\XBee_INT.o"
Deleting file ".\CortexM3\ARM_GCC_493\Debug\XBee_BOOT.o"
Deleting file ".\CortexM3\ARM_GCC_493\Debug\Rotation_Register.o"
Deleting file ".\CortexM3\ARM_GCC_493\Debug\Rotation_Register_PM.o"
Deleting file ".\CortexM3\ARM_GCC_493\Debug\PWM_Front.o"
Deleting file ".\CortexM3\ARM_GCC_493\Debug\PWM_Front_PM.o"
Deleting file ".\CortexM3\ARM_GCC_493\Debug\PWM_Back.o"
Deleting file ".\CortexM3\ARM_GCC_493\Debug\PWM_Back_PM.o"
Deleting file ".\CortexM3\ARM_GCC_493\Debug\XBee_IntClock.o"
Deleting file ".\CortexM3\ARM_GCC_493\Debug\PWM_Front_Left.o"
Deleting file ".\CortexM3\ARM_GCC_493\Debug\PWM_Front_Right.o"
Deleting file ".\CortexM3\ARM_GCC_493\Debug\PWM_Back_Left.o"
Deleting file ".\CortexM3\ARM_GCC_493\Debug\PWM_Back_Right.o"
Deleting file ".\CortexM3\ARM_GCC_493\Debug\InhB_Front_Right.o"
Deleting file ".\CortexM3\ARM_GCC_493\Debug\InhA_Front_Right.o"
Deleting file ".\CortexM3\ARM_GCC_493\Debug\InhB_Back_Right.o"
Deleting file ".\CortexM3\ARM_GCC_493\Debug\InhA_Back_Right.o"
Deleting file ".\CortexM3\ARM_GCC_493\Debug\InhB_Back_Left.o"
Deleting file ".\CortexM3\ARM_GCC_493\Debug\InhA_Back_Left.o"
Deleting file ".\CortexM3\ARM_GCC_493\Debug\InhB_Front_Left.o"
Deleting file ".\CortexM3\ARM_GCC_493\Debug\InhA_Front_Left.o"
Deleting file ".\CortexM3\ARM_GCC_493\Debug\Interrupt_Xbee.o"
Deleting file ".\CortexM3\ARM_GCC_493\Debug\Ultrasonic_Distance_Meter.hex"
Deleting file ".\CortexM3\ARM_GCC_493\Debug\Ultrasonic_Distance_Meter.elf"
Deleting file ".\CortexM3\ARM_GCC_493\Debug\Ultrasonic_Distance_Meter.map"
Deleting file ".\Ultrasonic_Distance_Meter.cycdx"
Deleting file ".\Ultrasonic_Distance_Meter.svd"
Deleting file ".\Ultrasonic_Distance_Meter.rpt"
Deleting file ".\Ultrasonic_Distance_Meter_timing.html"
Deleting file ".\CortexM3\ARM_GCC_493\Debug\.deps\SOURCE_C__ARM_GCC_GENERIC.P"
Deleting file ".\CortexM3\ARM_GCC_493\Debug\.deps\SOURCE_ASM__ARM_GCC_GENERIC.P"
--------------- Clean Succeeded: 01/28/2017 17:49:31 ---------------
