ARM GAS  C:\Users\Ludovic\AppData\Local\Temp\ccw7srUR.s 			page 1


   1              		.syntax unified
   2              		.cpu cortex-m3
   3              		.fpu softvfp
   4              		.eabi_attribute 20, 1
   5              		.eabi_attribute 21, 1
   6              		.eabi_attribute 23, 3
   7              		.eabi_attribute 24, 1
   8              		.eabi_attribute 25, 1
   9              		.eabi_attribute 26, 1
  10              		.eabi_attribute 30, 1
  11              		.eabi_attribute 34, 1
  12              		.eabi_attribute 18, 4
  13              		.thumb
  14              		.file	"Pre_Ampli.c"
  15              		.text
  16              	.Ltext0:
  17              		.cfi_sections	.debug_frame
  18              		.section	.text.Pre_Ampli_Enable,"ax",%progbits
  19              		.align	2
  20              		.global	Pre_Ampli_Enable
  21              		.thumb
  22              		.thumb_func
  23              		.type	Pre_Ampli_Enable, %function
  24              	Pre_Ampli_Enable:
  25              	.LFB1:
  26              		.file 1 "Generated_Source\\PSoC5\\Pre_Ampli.c"
   1:Generated_Source\PSoC5/Pre_Ampli.c **** /*******************************************************************************
   2:Generated_Source\PSoC5/Pre_Ampli.c **** * File Name: Pre_Ampli.c  
   3:Generated_Source\PSoC5/Pre_Ampli.c **** * Version 2.0
   4:Generated_Source\PSoC5/Pre_Ampli.c **** *
   5:Generated_Source\PSoC5/Pre_Ampli.c **** * Description:
   6:Generated_Source\PSoC5/Pre_Ampli.c **** *  This file provides the source code to the API for the PGA 
   7:Generated_Source\PSoC5/Pre_Ampli.c **** *  User Module.
   8:Generated_Source\PSoC5/Pre_Ampli.c **** *
   9:Generated_Source\PSoC5/Pre_Ampli.c **** * Note:
  10:Generated_Source\PSoC5/Pre_Ampli.c **** *
  11:Generated_Source\PSoC5/Pre_Ampli.c **** ********************************************************************************
  12:Generated_Source\PSoC5/Pre_Ampli.c **** * Copyright 2008-2012, Cypress Semiconductor Corporation.  All rights reserved.
  13:Generated_Source\PSoC5/Pre_Ampli.c **** * You may use this file only in accordance with the license, terms, conditions, 
  14:Generated_Source\PSoC5/Pre_Ampli.c **** * disclaimers, and limitations in the end user license agreement accompanying 
  15:Generated_Source\PSoC5/Pre_Ampli.c **** * the software package with which this file was provided.
  16:Generated_Source\PSoC5/Pre_Ampli.c **** *******************************************************************************/
  17:Generated_Source\PSoC5/Pre_Ampli.c **** 
  18:Generated_Source\PSoC5/Pre_Ampli.c **** #include "Pre_Ampli.h"
  19:Generated_Source\PSoC5/Pre_Ampli.c **** 
  20:Generated_Source\PSoC5/Pre_Ampli.c **** #if (!CY_PSOC5A)
  21:Generated_Source\PSoC5/Pre_Ampli.c ****     #if (CYDEV_VARIABLE_VDDA == 1u)
  22:Generated_Source\PSoC5/Pre_Ampli.c ****         #include "CyScBoostClk.h"
  23:Generated_Source\PSoC5/Pre_Ampli.c ****     #endif /* (CYDEV_VARIABLE_VDDA == 1u) */
  24:Generated_Source\PSoC5/Pre_Ampli.c **** #endif /* (!CY_PSOC5A) */
  25:Generated_Source\PSoC5/Pre_Ampli.c **** 
  26:Generated_Source\PSoC5/Pre_Ampli.c **** #if (CY_PSOC5A)
  27:Generated_Source\PSoC5/Pre_Ampli.c ****     static Pre_Ampli_BACKUP_STRUCT  Pre_Ampli_P5backup;
  28:Generated_Source\PSoC5/Pre_Ampli.c **** #endif /* (CY_ PSOC5A) */
  29:Generated_Source\PSoC5/Pre_Ampli.c **** 
  30:Generated_Source\PSoC5/Pre_Ampli.c **** uint8 Pre_Ampli_initVar = 0u;
  31:Generated_Source\PSoC5/Pre_Ampli.c **** 
ARM GAS  C:\Users\Ludovic\AppData\Local\Temp\ccw7srUR.s 			page 2


  32:Generated_Source\PSoC5/Pre_Ampli.c **** 
  33:Generated_Source\PSoC5/Pre_Ampli.c **** /*******************************************************************************   
  34:Generated_Source\PSoC5/Pre_Ampli.c **** * Function Name: Pre_Ampli_Init
  35:Generated_Source\PSoC5/Pre_Ampli.c **** ********************************************************************************
  36:Generated_Source\PSoC5/Pre_Ampli.c **** *
  37:Generated_Source\PSoC5/Pre_Ampli.c **** * Summary:
  38:Generated_Source\PSoC5/Pre_Ampli.c **** *  Initialize component's parameters to the parameters set by user in the 
  39:Generated_Source\PSoC5/Pre_Ampli.c **** *  customizer of the component placed onto schematic. Usually called in 
  40:Generated_Source\PSoC5/Pre_Ampli.c **** *  Pre_Ampli_Start().
  41:Generated_Source\PSoC5/Pre_Ampli.c **** *
  42:Generated_Source\PSoC5/Pre_Ampli.c **** * Parameters:
  43:Generated_Source\PSoC5/Pre_Ampli.c **** *  void
  44:Generated_Source\PSoC5/Pre_Ampli.c **** *
  45:Generated_Source\PSoC5/Pre_Ampli.c **** * Return:
  46:Generated_Source\PSoC5/Pre_Ampli.c **** *  void
  47:Generated_Source\PSoC5/Pre_Ampli.c **** *
  48:Generated_Source\PSoC5/Pre_Ampli.c **** *******************************************************************************/
  49:Generated_Source\PSoC5/Pre_Ampli.c **** void Pre_Ampli_Init(void) 
  50:Generated_Source\PSoC5/Pre_Ampli.c **** {
  51:Generated_Source\PSoC5/Pre_Ampli.c ****     /* Set PGA mode */
  52:Generated_Source\PSoC5/Pre_Ampli.c ****     Pre_Ampli_CR0_REG = Pre_Ampli_MODE_PGA;      
  53:Generated_Source\PSoC5/Pre_Ampli.c ****     /* Set non-inverting PGA mode and reference mode */
  54:Generated_Source\PSoC5/Pre_Ampli.c ****     Pre_Ampli_CR1_REG |= Pre_Ampli_PGA_NINV;  
  55:Generated_Source\PSoC5/Pre_Ampli.c ****     /* Set default gain and ref mode */
  56:Generated_Source\PSoC5/Pre_Ampli.c ****     Pre_Ampli_CR2_REG = Pre_Ampli_VREF_MODE;
  57:Generated_Source\PSoC5/Pre_Ampli.c ****     /* Set gain and compensation */
  58:Generated_Source\PSoC5/Pre_Ampli.c ****     Pre_Ampli_SetGain(Pre_Ampli_DEFAULT_GAIN);
  59:Generated_Source\PSoC5/Pre_Ampli.c ****     /* Set power */
  60:Generated_Source\PSoC5/Pre_Ampli.c ****     Pre_Ampli_SetPower(Pre_Ampli_DEFAULT_POWER);
  61:Generated_Source\PSoC5/Pre_Ampli.c **** }
  62:Generated_Source\PSoC5/Pre_Ampli.c **** 
  63:Generated_Source\PSoC5/Pre_Ampli.c **** 
  64:Generated_Source\PSoC5/Pre_Ampli.c **** /*******************************************************************************   
  65:Generated_Source\PSoC5/Pre_Ampli.c **** * Function Name: Pre_Ampli_Enable
  66:Generated_Source\PSoC5/Pre_Ampli.c **** ********************************************************************************
  67:Generated_Source\PSoC5/Pre_Ampli.c **** *
  68:Generated_Source\PSoC5/Pre_Ampli.c **** * Summary:
  69:Generated_Source\PSoC5/Pre_Ampli.c **** *  Enables the PGA block operation.
  70:Generated_Source\PSoC5/Pre_Ampli.c **** *
  71:Generated_Source\PSoC5/Pre_Ampli.c **** * Parameters:
  72:Generated_Source\PSoC5/Pre_Ampli.c **** *  void
  73:Generated_Source\PSoC5/Pre_Ampli.c **** *
  74:Generated_Source\PSoC5/Pre_Ampli.c **** * Return:
  75:Generated_Source\PSoC5/Pre_Ampli.c **** *  void
  76:Generated_Source\PSoC5/Pre_Ampli.c **** *
  77:Generated_Source\PSoC5/Pre_Ampli.c **** *******************************************************************************/
  78:Generated_Source\PSoC5/Pre_Ampli.c **** void Pre_Ampli_Enable(void) 
  79:Generated_Source\PSoC5/Pre_Ampli.c **** {
  27              		.loc 1 79 0
  28              		.cfi_startproc
  29              		@ args = 0, pretend = 0, frame = 0
  30              		@ frame_needed = 0, uses_anonymous_args = 0
  31              		@ link register save eliminated.
  80:Generated_Source\PSoC5/Pre_Ampli.c ****     /* This is to restore the value of register CR1 and CR2 which is saved 
  81:Generated_Source\PSoC5/Pre_Ampli.c ****       in prior to the modifications in stop() API */
  82:Generated_Source\PSoC5/Pre_Ampli.c ****     #if (CY_PSOC5A)
  83:Generated_Source\PSoC5/Pre_Ampli.c ****         if(Pre_Ampli_P5backup.enableState == 1u)
ARM GAS  C:\Users\Ludovic\AppData\Local\Temp\ccw7srUR.s 			page 3


  84:Generated_Source\PSoC5/Pre_Ampli.c ****         {
  85:Generated_Source\PSoC5/Pre_Ampli.c ****             Pre_Ampli_CR1_REG = Pre_Ampli_P5backup.scCR1Reg;
  86:Generated_Source\PSoC5/Pre_Ampli.c ****             Pre_Ampli_CR2_REG = Pre_Ampli_P5backup.scCR2Reg;
  87:Generated_Source\PSoC5/Pre_Ampli.c ****             Pre_Ampli_P5backup.enableState = 0u;
  88:Generated_Source\PSoC5/Pre_Ampli.c ****         }
  89:Generated_Source\PSoC5/Pre_Ampli.c ****     #endif /* CY_PSOC5A */   
  90:Generated_Source\PSoC5/Pre_Ampli.c **** 
  91:Generated_Source\PSoC5/Pre_Ampli.c ****     /* Enable power to the Amp in Active mode*/
  92:Generated_Source\PSoC5/Pre_Ampli.c ****     Pre_Ampli_PM_ACT_CFG_REG |= Pre_Ampli_ACT_PWR_EN;
  32              		.loc 1 92 0
  33 0000 084A     		ldr	r2, .L2
  34 0002 1378     		ldrb	r3, [r2]	@ zero_extendqisi2
  35 0004 43F00103 		orr	r3, r3, #1
  36 0008 1370     		strb	r3, [r2]
  93:Generated_Source\PSoC5/Pre_Ampli.c **** 
  94:Generated_Source\PSoC5/Pre_Ampli.c ****     /* Enable power to the Amp in Alternative Active mode*/
  95:Generated_Source\PSoC5/Pre_Ampli.c ****     Pre_Ampli_PM_STBY_CFG_REG |= Pre_Ampli_STBY_PWR_EN;
  37              		.loc 1 95 0
  38 000a 1032     		adds	r2, r2, #16
  39 000c 1378     		ldrb	r3, [r2]	@ zero_extendqisi2
  40 000e 43F00103 		orr	r3, r3, #1
  41 0012 1370     		strb	r3, [r2]
  96:Generated_Source\PSoC5/Pre_Ampli.c ****     
  97:Generated_Source\PSoC5/Pre_Ampli.c ****     Pre_Ampli_PUMP_CR1_REG |= Pre_Ampli_PUMP_CR1_SC_CLKSEL;
  42              		.loc 1 97 0
  43 0014 02F5A552 		add	r2, r2, #5280
  44 0018 1E32     		adds	r2, r2, #30
  45 001a 1378     		ldrb	r3, [r2]	@ zero_extendqisi2
  46 001c 43F08003 		orr	r3, r3, #128
  47 0020 1370     		strb	r3, [r2]
  48 0022 7047     		bx	lr
  49              	.L3:
  50              		.align	2
  51              	.L2:
  52 0024 A9430040 		.word	1073759145
  53              		.cfi_endproc
  54              	.LFE1:
  55              		.size	Pre_Ampli_Enable, .-Pre_Ampli_Enable
  56              		.section	.text.Pre_Ampli_Stop,"ax",%progbits
  57              		.align	2
  58              		.global	Pre_Ampli_Stop
  59              		.thumb
  60              		.thumb_func
  61              		.type	Pre_Ampli_Stop, %function
  62              	Pre_Ampli_Stop:
  63              	.LFB3:
  98:Generated_Source\PSoC5/Pre_Ampli.c ****     
  99:Generated_Source\PSoC5/Pre_Ampli.c ****     #if (!CY_PSOC5A)
 100:Generated_Source\PSoC5/Pre_Ampli.c ****         #if (CYDEV_VARIABLE_VDDA == 1u)
 101:Generated_Source\PSoC5/Pre_Ampli.c ****             if(CyScPumpEnabled == 1u)
 102:Generated_Source\PSoC5/Pre_Ampli.c ****             {
 103:Generated_Source\PSoC5/Pre_Ampli.c ****                 Pre_Ampli_BSTCLK_REG &= (uint8)(~Pre_Ampli_BST_CLK_INDEX_MASK);
 104:Generated_Source\PSoC5/Pre_Ampli.c ****                 Pre_Ampli_BSTCLK_REG |= Pre_Ampli_BST_CLK_EN | CyScBoostClk__INDEX;
 105:Generated_Source\PSoC5/Pre_Ampli.c ****                 Pre_Ampli_SC_MISC_REG |= Pre_Ampli_PUMP_FORCE;
 106:Generated_Source\PSoC5/Pre_Ampli.c ****                 CyScBoostClk_Start();
 107:Generated_Source\PSoC5/Pre_Ampli.c ****             }
 108:Generated_Source\PSoC5/Pre_Ampli.c ****             else
ARM GAS  C:\Users\Ludovic\AppData\Local\Temp\ccw7srUR.s 			page 4


 109:Generated_Source\PSoC5/Pre_Ampli.c ****             {
 110:Generated_Source\PSoC5/Pre_Ampli.c ****                 Pre_Ampli_BSTCLK_REG &= (uint8)(~Pre_Ampli_BST_CLK_EN);
 111:Generated_Source\PSoC5/Pre_Ampli.c ****                 Pre_Ampli_SC_MISC_REG &= (uint8)(~Pre_Ampli_PUMP_FORCE);
 112:Generated_Source\PSoC5/Pre_Ampli.c ****             }
 113:Generated_Source\PSoC5/Pre_Ampli.c ****         #endif /* (CYDEV_VARIABLE_VDDA == 1u) */
 114:Generated_Source\PSoC5/Pre_Ampli.c ****     #endif /* (!CY_PSOC5A) */
 115:Generated_Source\PSoC5/Pre_Ampli.c **** }
 116:Generated_Source\PSoC5/Pre_Ampli.c **** 
 117:Generated_Source\PSoC5/Pre_Ampli.c **** 
 118:Generated_Source\PSoC5/Pre_Ampli.c **** /*******************************************************************************
 119:Generated_Source\PSoC5/Pre_Ampli.c **** * Function Name: Pre_Ampli_Start
 120:Generated_Source\PSoC5/Pre_Ampli.c **** ********************************************************************************
 121:Generated_Source\PSoC5/Pre_Ampli.c **** *
 122:Generated_Source\PSoC5/Pre_Ampli.c **** * Summary:
 123:Generated_Source\PSoC5/Pre_Ampli.c **** *  The start function initializes the PGA with the default values and sets
 124:Generated_Source\PSoC5/Pre_Ampli.c **** *  the power to the given level. A power level of 0, is same as executing
 125:Generated_Source\PSoC5/Pre_Ampli.c **** *  the stop function.
 126:Generated_Source\PSoC5/Pre_Ampli.c **** *
 127:Generated_Source\PSoC5/Pre_Ampli.c **** * Parameters:
 128:Generated_Source\PSoC5/Pre_Ampli.c **** *  void
 129:Generated_Source\PSoC5/Pre_Ampli.c **** *
 130:Generated_Source\PSoC5/Pre_Ampli.c **** * Return:
 131:Generated_Source\PSoC5/Pre_Ampli.c **** *  void
 132:Generated_Source\PSoC5/Pre_Ampli.c **** *
 133:Generated_Source\PSoC5/Pre_Ampli.c **** *******************************************************************************/
 134:Generated_Source\PSoC5/Pre_Ampli.c **** void Pre_Ampli_Start(void) 
 135:Generated_Source\PSoC5/Pre_Ampli.c **** {
 136:Generated_Source\PSoC5/Pre_Ampli.c **** 
 137:Generated_Source\PSoC5/Pre_Ampli.c ****     /* This is to restore the value of register CR1 and CR2 which is saved 
 138:Generated_Source\PSoC5/Pre_Ampli.c ****       in prior to the modification in stop() API */
 139:Generated_Source\PSoC5/Pre_Ampli.c **** 
 140:Generated_Source\PSoC5/Pre_Ampli.c ****     if(Pre_Ampli_initVar == 0u)
 141:Generated_Source\PSoC5/Pre_Ampli.c ****     {
 142:Generated_Source\PSoC5/Pre_Ampli.c ****         Pre_Ampli_Init();
 143:Generated_Source\PSoC5/Pre_Ampli.c ****         Pre_Ampli_initVar = 1u;
 144:Generated_Source\PSoC5/Pre_Ampli.c ****     }
 145:Generated_Source\PSoC5/Pre_Ampli.c **** 
 146:Generated_Source\PSoC5/Pre_Ampli.c ****     Pre_Ampli_Enable();
 147:Generated_Source\PSoC5/Pre_Ampli.c **** }
 148:Generated_Source\PSoC5/Pre_Ampli.c **** 
 149:Generated_Source\PSoC5/Pre_Ampli.c **** 
 150:Generated_Source\PSoC5/Pre_Ampli.c **** /*******************************************************************************
 151:Generated_Source\PSoC5/Pre_Ampli.c **** * Function Name: Pre_Ampli_Stop
 152:Generated_Source\PSoC5/Pre_Ampli.c **** ********************************************************************************
 153:Generated_Source\PSoC5/Pre_Ampli.c **** *
 154:Generated_Source\PSoC5/Pre_Ampli.c **** * Summary:
 155:Generated_Source\PSoC5/Pre_Ampli.c **** *  Powers down amplifier to lowest power state.
 156:Generated_Source\PSoC5/Pre_Ampli.c **** *
 157:Generated_Source\PSoC5/Pre_Ampli.c **** * Parameters:
 158:Generated_Source\PSoC5/Pre_Ampli.c **** *  void
 159:Generated_Source\PSoC5/Pre_Ampli.c **** *
 160:Generated_Source\PSoC5/Pre_Ampli.c **** * Return:
 161:Generated_Source\PSoC5/Pre_Ampli.c **** *  void
 162:Generated_Source\PSoC5/Pre_Ampli.c **** *
 163:Generated_Source\PSoC5/Pre_Ampli.c **** *******************************************************************************/
 164:Generated_Source\PSoC5/Pre_Ampli.c **** void Pre_Ampli_Stop(void) 
 165:Generated_Source\PSoC5/Pre_Ampli.c **** { 
ARM GAS  C:\Users\Ludovic\AppData\Local\Temp\ccw7srUR.s 			page 5


  64              		.loc 1 165 0
  65              		.cfi_startproc
  66              		@ args = 0, pretend = 0, frame = 0
  67              		@ frame_needed = 0, uses_anonymous_args = 0
  68              		@ link register save eliminated.
 166:Generated_Source\PSoC5/Pre_Ampli.c ****     /* Disble power to the Amp in Active mode template */
 167:Generated_Source\PSoC5/Pre_Ampli.c ****     Pre_Ampli_PM_ACT_CFG_REG &= (uint8)(~Pre_Ampli_ACT_PWR_EN);
  69              		.loc 1 167 0
  70 0000 054A     		ldr	r2, .L5
  71 0002 1378     		ldrb	r3, [r2]	@ zero_extendqisi2
  72 0004 03F0FE03 		and	r3, r3, #254
  73 0008 1370     		strb	r3, [r2]
 168:Generated_Source\PSoC5/Pre_Ampli.c **** 
 169:Generated_Source\PSoC5/Pre_Ampli.c ****     /* Disble power to the Amp in Alternative Active mode template */
 170:Generated_Source\PSoC5/Pre_Ampli.c ****     Pre_Ampli_PM_STBY_CFG_REG &= (uint8)(~Pre_Ampli_STBY_PWR_EN);
  74              		.loc 1 170 0
  75 000a 1032     		adds	r2, r2, #16
  76 000c 1378     		ldrb	r3, [r2]	@ zero_extendqisi2
  77 000e 03F0FE03 		and	r3, r3, #254
  78 0012 1370     		strb	r3, [r2]
  79 0014 7047     		bx	lr
  80              	.L6:
  81 0016 00BF     		.align	2
  82              	.L5:
  83 0018 A9430040 		.word	1073759145
  84              		.cfi_endproc
  85              	.LFE3:
  86              		.size	Pre_Ampli_Stop, .-Pre_Ampli_Stop
  87              		.section	.text.Pre_Ampli_SetPower,"ax",%progbits
  88              		.align	2
  89              		.global	Pre_Ampli_SetPower
  90              		.thumb
  91              		.thumb_func
  92              		.type	Pre_Ampli_SetPower, %function
  93              	Pre_Ampli_SetPower:
  94              	.LFB4:
 171:Generated_Source\PSoC5/Pre_Ampli.c **** 
 172:Generated_Source\PSoC5/Pre_Ampli.c ****     #if (!CY_PSOC5A)
 173:Generated_Source\PSoC5/Pre_Ampli.c ****         #if (CYDEV_VARIABLE_VDDA == 1u)
 174:Generated_Source\PSoC5/Pre_Ampli.c ****             Pre_Ampli_BSTCLK_REG &= (uint8)(~Pre_Ampli_BST_CLK_EN);
 175:Generated_Source\PSoC5/Pre_Ampli.c ****             /* Disable pumps only if there aren't any SC block in use */
 176:Generated_Source\PSoC5/Pre_Ampli.c ****             if ((Pre_Ampli_PM_ACT_CFG_REG & Pre_Ampli_PM_ACT_CFG_MASK) == 0u)
 177:Generated_Source\PSoC5/Pre_Ampli.c ****             {
 178:Generated_Source\PSoC5/Pre_Ampli.c ****                 Pre_Ampli_SC_MISC_REG &= (uint8)(~Pre_Ampli_PUMP_FORCE);
 179:Generated_Source\PSoC5/Pre_Ampli.c ****                 Pre_Ampli_PUMP_CR1_REG &= (uint8)(~Pre_Ampli_PUMP_CR1_SC_CLKSEL);
 180:Generated_Source\PSoC5/Pre_Ampli.c ****                 CyScBoostClk_Stop();
 181:Generated_Source\PSoC5/Pre_Ampli.c ****             }
 182:Generated_Source\PSoC5/Pre_Ampli.c ****         #endif /* CYDEV_VARIABLE_VDDA == 1u */
 183:Generated_Source\PSoC5/Pre_Ampli.c ****     #endif /* (CY_PSOC3 || CY_PSOC5LP) */
 184:Generated_Source\PSoC5/Pre_Ampli.c **** 
 185:Generated_Source\PSoC5/Pre_Ampli.c ****     /* This sets PGA in zero current mode and output routes are valid */
 186:Generated_Source\PSoC5/Pre_Ampli.c ****     #if (CY_PSOC5A)
 187:Generated_Source\PSoC5/Pre_Ampli.c ****         Pre_Ampli_P5backup.scCR1Reg = Pre_Ampli_CR1_REG;
 188:Generated_Source\PSoC5/Pre_Ampli.c ****         Pre_Ampli_P5backup.scCR2Reg = Pre_Ampli_CR2_REG;
 189:Generated_Source\PSoC5/Pre_Ampli.c ****         Pre_Ampli_CR1_REG = 0x00u;
 190:Generated_Source\PSoC5/Pre_Ampli.c ****         Pre_Ampli_CR2_REG = 0x00u;
 191:Generated_Source\PSoC5/Pre_Ampli.c ****         Pre_Ampli_P5backup.enableState = 1u;
ARM GAS  C:\Users\Ludovic\AppData\Local\Temp\ccw7srUR.s 			page 6


 192:Generated_Source\PSoC5/Pre_Ampli.c ****     #endif /* CY_PSOC5A */
 193:Generated_Source\PSoC5/Pre_Ampli.c **** }
 194:Generated_Source\PSoC5/Pre_Ampli.c **** 
 195:Generated_Source\PSoC5/Pre_Ampli.c **** 
 196:Generated_Source\PSoC5/Pre_Ampli.c **** /*******************************************************************************
 197:Generated_Source\PSoC5/Pre_Ampli.c **** * Function Name: Pre_Ampli_SetPower
 198:Generated_Source\PSoC5/Pre_Ampli.c **** ********************************************************************************
 199:Generated_Source\PSoC5/Pre_Ampli.c **** *
 200:Generated_Source\PSoC5/Pre_Ampli.c **** * Summary:
 201:Generated_Source\PSoC5/Pre_Ampli.c **** *  Set the power of the PGA.
 202:Generated_Source\PSoC5/Pre_Ampli.c **** *
 203:Generated_Source\PSoC5/Pre_Ampli.c **** * Parameters:
 204:Generated_Source\PSoC5/Pre_Ampli.c **** *  power: Sets power level between (0) and (3) high power
 205:Generated_Source\PSoC5/Pre_Ampli.c **** *
 206:Generated_Source\PSoC5/Pre_Ampli.c **** * Return:
 207:Generated_Source\PSoC5/Pre_Ampli.c **** *  void
 208:Generated_Source\PSoC5/Pre_Ampli.c **** *
 209:Generated_Source\PSoC5/Pre_Ampli.c **** *******************************************************************************/
 210:Generated_Source\PSoC5/Pre_Ampli.c **** void Pre_Ampli_SetPower(uint8 power) 
 211:Generated_Source\PSoC5/Pre_Ampli.c **** {
  95              		.loc 1 211 0
  96              		.cfi_startproc
  97              		@ args = 0, pretend = 0, frame = 0
  98              		@ frame_needed = 0, uses_anonymous_args = 0
  99              		@ link register save eliminated.
 100              	.LVL0:
 212:Generated_Source\PSoC5/Pre_Ampli.c ****     uint8 tmpCR;
 213:Generated_Source\PSoC5/Pre_Ampli.c **** 
 214:Generated_Source\PSoC5/Pre_Ampli.c ****     tmpCR = Pre_Ampli_CR1_REG & (uint8)(~Pre_Ampli_DRIVE_MASK);
 101              		.loc 1 214 0
 102 0000 044A     		ldr	r2, .L8
 103 0002 1378     		ldrb	r3, [r2]	@ zero_extendqisi2
 104 0004 03F0FC03 		and	r3, r3, #252
 105              	.LVL1:
 215:Generated_Source\PSoC5/Pre_Ampli.c ****     tmpCR |= (power & Pre_Ampli_DRIVE_MASK);
 106              		.loc 1 215 0
 107 0008 00F00300 		and	r0, r0, #3
 108              	.LVL2:
 109 000c 1843     		orrs	r0, r0, r3
 110              	.LVL3:
 216:Generated_Source\PSoC5/Pre_Ampli.c ****     Pre_Ampli_CR1_REG = tmpCR;  
 111              		.loc 1 216 0
 112 000e 1070     		strb	r0, [r2]
 113 0010 7047     		bx	lr
 114              	.L9:
 115 0012 00BF     		.align	2
 116              	.L8:
 117 0014 01580040 		.word	1073764353
 118              		.cfi_endproc
 119              	.LFE4:
 120              		.size	Pre_Ampli_SetPower, .-Pre_Ampli_SetPower
 121              		.section	.text.Pre_Ampli_SetGain,"ax",%progbits
 122              		.align	2
 123              		.global	Pre_Ampli_SetGain
 124              		.thumb
 125              		.thumb_func
 126              		.type	Pre_Ampli_SetGain, %function
ARM GAS  C:\Users\Ludovic\AppData\Local\Temp\ccw7srUR.s 			page 7


 127              	Pre_Ampli_SetGain:
 128              	.LFB5:
 217:Generated_Source\PSoC5/Pre_Ampli.c **** }
 218:Generated_Source\PSoC5/Pre_Ampli.c **** 
 219:Generated_Source\PSoC5/Pre_Ampli.c **** 
 220:Generated_Source\PSoC5/Pre_Ampli.c **** /*******************************************************************************
 221:Generated_Source\PSoC5/Pre_Ampli.c **** * Function Name: Pre_Ampli_SetGain
 222:Generated_Source\PSoC5/Pre_Ampli.c **** ********************************************************************************
 223:Generated_Source\PSoC5/Pre_Ampli.c **** *
 224:Generated_Source\PSoC5/Pre_Ampli.c **** * Summary:
 225:Generated_Source\PSoC5/Pre_Ampli.c **** *  This function sets values of the input and feedback resistors to set a 
 226:Generated_Source\PSoC5/Pre_Ampli.c **** *  specific gain of the amplifier.
 227:Generated_Source\PSoC5/Pre_Ampli.c **** *
 228:Generated_Source\PSoC5/Pre_Ampli.c **** * Parameters:
 229:Generated_Source\PSoC5/Pre_Ampli.c **** *  gain: Gain value of PGA (See header file for gain values.)
 230:Generated_Source\PSoC5/Pre_Ampli.c **** *
 231:Generated_Source\PSoC5/Pre_Ampli.c **** * Return:
 232:Generated_Source\PSoC5/Pre_Ampli.c **** *  void 
 233:Generated_Source\PSoC5/Pre_Ampli.c **** *
 234:Generated_Source\PSoC5/Pre_Ampli.c **** *******************************************************************************/
 235:Generated_Source\PSoC5/Pre_Ampli.c **** void Pre_Ampli_SetGain(uint8 gain) 
 236:Generated_Source\PSoC5/Pre_Ampli.c **** {
 129              		.loc 1 236 0
 130              		.cfi_startproc
 131              		@ args = 0, pretend = 0, frame = 24
 132              		@ frame_needed = 0, uses_anonymous_args = 0
 133              		@ link register save eliminated.
 134              	.LVL4:
 135 0000 10B4     		push	{r4}
 136              		.cfi_def_cfa_offset 4
 137              		.cfi_offset 4, -4
 138 0002 87B0     		sub	sp, sp, #28
 139              		.cfi_def_cfa_offset 32
 140 0004 0446     		mov	r4, r0
 237:Generated_Source\PSoC5/Pre_Ampli.c ****     /* Constant array for gain settings */
 238:Generated_Source\PSoC5/Pre_Ampli.c ****     const uint8 Pre_Ampli_GainArray[9] = { 
 141              		.loc 1 238 0
 142 0006 194B     		ldr	r3, .L13
 143 0008 03AA     		add	r2, sp, #12
 144 000a 1868     		ldr	r0, [r3]	@ unaligned
 145              	.LVL5:
 146 000c 5968     		ldr	r1, [r3, #4]	@ unaligned
 147 000e 03C2     		stmia	r2!, {r0, r1}
 148 0010 197A     		ldrb	r1, [r3, #8]	@ zero_extendqisi2
 149 0012 1170     		strb	r1, [r2]
 239:Generated_Source\PSoC5/Pre_Ampli.c ****         (Pre_Ampli_RVAL_0K   | Pre_Ampli_R20_40B_40K | Pre_Ampli_BIAS_LOW), /* G=1  */
 240:Generated_Source\PSoC5/Pre_Ampli.c ****         (Pre_Ampli_RVAL_40K  | Pre_Ampli_R20_40B_40K | Pre_Ampli_BIAS_LOW), /* G=2  */
 241:Generated_Source\PSoC5/Pre_Ampli.c ****         (Pre_Ampli_RVAL_120K | Pre_Ampli_R20_40B_40K | Pre_Ampli_BIAS_LOW), /* G=4  */
 242:Generated_Source\PSoC5/Pre_Ampli.c ****         (Pre_Ampli_RVAL_280K | Pre_Ampli_R20_40B_40K | Pre_Ampli_BIAS_LOW), /* G=8  */
 243:Generated_Source\PSoC5/Pre_Ampli.c ****         (Pre_Ampli_RVAL_600K | Pre_Ampli_R20_40B_40K | Pre_Ampli_BIAS_LOW), /* G=16 */
 244:Generated_Source\PSoC5/Pre_Ampli.c ****         (Pre_Ampli_RVAL_460K | Pre_Ampli_R20_40B_40K | Pre_Ampli_BIAS_LOW), /* G=24, Sets Rin as 20
 245:Generated_Source\PSoC5/Pre_Ampli.c ****         (Pre_Ampli_RVAL_620K | Pre_Ampli_R20_40B_20K | Pre_Ampli_BIAS_LOW), /* G=32 */
 246:Generated_Source\PSoC5/Pre_Ampli.c ****         (Pre_Ampli_RVAL_470K | Pre_Ampli_R20_40B_20K | Pre_Ampli_BIAS_LOW), /* G=48, Sets Rin as 10
 247:Generated_Source\PSoC5/Pre_Ampli.c ****         (Pre_Ampli_RVAL_490K | Pre_Ampli_R20_40B_20K | Pre_Ampli_BIAS_LOW)  /* G=50, Sets Rin as 10
 248:Generated_Source\PSoC5/Pre_Ampli.c ****     };
 249:Generated_Source\PSoC5/Pre_Ampli.c ****     
 250:Generated_Source\PSoC5/Pre_Ampli.c ****     /* Constant array for gain compenstion settings */
ARM GAS  C:\Users\Ludovic\AppData\Local\Temp\ccw7srUR.s 			page 8


 251:Generated_Source\PSoC5/Pre_Ampli.c ****     const uint8 Pre_Ampli_GainComp[9] = { 
 150              		.loc 1 251 0
 151 0014 6A46     		mov	r2, sp
 152 0016 53F80C0F 		ldr	r0, [r3, #12]!	@ unaligned
 153 001a 5968     		ldr	r1, [r3, #4]	@ unaligned
 154 001c 03C2     		stmia	r2!, {r0, r1}
 155 001e 1B7A     		ldrb	r3, [r3, #8]	@ zero_extendqisi2
 156 0020 1370     		strb	r3, [r2]
 252:Generated_Source\PSoC5/Pre_Ampli.c ****         ( Pre_Ampli_COMP_4P35PF  | (uint8)( Pre_Ampli_REDC_00 >> 2 )), /* G=1  */
 253:Generated_Source\PSoC5/Pre_Ampli.c ****         ( Pre_Ampli_COMP_4P35PF  | (uint8)( Pre_Ampli_REDC_01 >> 2 )), /* G=2  */
 254:Generated_Source\PSoC5/Pre_Ampli.c ****         ( Pre_Ampli_COMP_3P0PF   | (uint8)( Pre_Ampli_REDC_01 >> 2 )), /* G=4  */
 255:Generated_Source\PSoC5/Pre_Ampli.c ****         ( Pre_Ampli_COMP_3P0PF   | (uint8)( Pre_Ampli_REDC_01 >> 2 )), /* G=8  */
 256:Generated_Source\PSoC5/Pre_Ampli.c ****         ( Pre_Ampli_COMP_3P6PF   | (uint8)( Pre_Ampli_REDC_01 >> 2 )), /* G=16 */
 257:Generated_Source\PSoC5/Pre_Ampli.c ****         ( Pre_Ampli_COMP_3P6PF   | (uint8)( Pre_Ampli_REDC_11 >> 2 )), /* G=24 */
 258:Generated_Source\PSoC5/Pre_Ampli.c ****         ( Pre_Ampli_COMP_3P6PF   | (uint8)( Pre_Ampli_REDC_11 >> 2 )), /* G=32 */
 259:Generated_Source\PSoC5/Pre_Ampli.c ****         ( Pre_Ampli_COMP_3P6PF   | (uint8)( Pre_Ampli_REDC_00 >> 2 )), /* G=48 */
 260:Generated_Source\PSoC5/Pre_Ampli.c ****         ( Pre_Ampli_COMP_3P6PF   | (uint8)( Pre_Ampli_REDC_00 >> 2 ))  /* G=50 */
 261:Generated_Source\PSoC5/Pre_Ampli.c ****     };
 262:Generated_Source\PSoC5/Pre_Ampli.c ****     
 263:Generated_Source\PSoC5/Pre_Ampli.c ****     /* Only set new gain if it is a valid gain */
 264:Generated_Source\PSoC5/Pre_Ampli.c ****     if( gain <= Pre_Ampli_GAIN_MAX)
 157              		.loc 1 264 0
 158 0022 082C     		cmp	r4, #8
 159 0024 1ED8     		bhi	.L10
 265:Generated_Source\PSoC5/Pre_Ampli.c ****     {
 266:Generated_Source\PSoC5/Pre_Ampli.c ****         /* Clear resistors, redc, and bias */
 267:Generated_Source\PSoC5/Pre_Ampli.c ****         Pre_Ampli_CR2_REG &= (uint8)(~(Pre_Ampli_RVAL_MASK | Pre_Ampli_R20_40B_MASK | 
 160              		.loc 1 267 0
 161 0026 1249     		ldr	r1, .L13+4
 162 0028 0B78     		ldrb	r3, [r1]	@ zero_extendqisi2
 163 002a 03F08003 		and	r3, r3, #128
 164 002e DBB2     		uxtb	r3, r3
 165 0030 0B70     		strb	r3, [r1]
 268:Generated_Source\PSoC5/Pre_Ampli.c ****                                 Pre_Ampli_REDC_MASK | Pre_Ampli_BIAS_MASK ));
 269:Generated_Source\PSoC5/Pre_Ampli.c **** 
 270:Generated_Source\PSoC5/Pre_Ampli.c ****         /* Set gain value resistors, redc comp, and bias */
 271:Generated_Source\PSoC5/Pre_Ampli.c ****         Pre_Ampli_CR2_REG |= (Pre_Ampli_GainArray[gain] |
 166              		.loc 1 271 0
 167 0032 0878     		ldrb	r0, [r1]	@ zero_extendqisi2
 168 0034 06AB     		add	r3, sp, #24
 169 0036 1C44     		add	r4, r4, r3
 170 0038 14F80C3C 		ldrb	r3, [r4, #-12]	@ zero_extendqisi2
 272:Generated_Source\PSoC5/Pre_Ampli.c ****                                 ((uint8)(Pre_Ampli_GainComp[gain] << 2 ) & Pre_Ampli_REDC_MASK));
 171              		.loc 1 272 0
 172 003c 14F8182C 		ldrb	r2, [r4, #-24]	@ zero_extendqisi2
 173 0040 9200     		lsls	r2, r2, #2
 271:Generated_Source\PSoC5/Pre_Ampli.c ****                                 ((uint8)(Pre_Ampli_GainComp[gain] << 2 ) & Pre_Ampli_REDC_MASK));
 174              		.loc 1 271 0
 175 0042 02F00C02 		and	r2, r2, #12
 176 0046 1343     		orrs	r3, r3, r2
 177 0048 0343     		orrs	r3, r3, r0
 178 004a 0B70     		strb	r3, [r1]
 273:Generated_Source\PSoC5/Pre_Ampli.c **** 
 274:Generated_Source\PSoC5/Pre_Ampli.c ****         /* Clear sc_comp  */
 275:Generated_Source\PSoC5/Pre_Ampli.c ****         Pre_Ampli_CR1_REG &= (uint8)(~Pre_Ampli_COMP_MASK);
 179              		.loc 1 275 0
 180 004c 094A     		ldr	r2, .L13+8
ARM GAS  C:\Users\Ludovic\AppData\Local\Temp\ccw7srUR.s 			page 9


 181 004e 1378     		ldrb	r3, [r2]	@ zero_extendqisi2
 182 0050 03F0F303 		and	r3, r3, #243
 183 0054 1370     		strb	r3, [r2]
 276:Generated_Source\PSoC5/Pre_Ampli.c ****         /* Set sc_comp  */
 277:Generated_Source\PSoC5/Pre_Ampli.c ****         Pre_Ampli_CR1_REG |= ( Pre_Ampli_GainComp[gain] | Pre_Ampli_COMP_MASK );
 184              		.loc 1 277 0
 185 0056 1178     		ldrb	r1, [r2]	@ zero_extendqisi2
 186 0058 14F8183C 		ldrb	r3, [r4, #-24]	@ zero_extendqisi2
 187 005c 0B43     		orrs	r3, r3, r1
 188 005e 43F00C03 		orr	r3, r3, #12
 189 0062 1370     		strb	r3, [r2]
 190              	.L10:
 278:Generated_Source\PSoC5/Pre_Ampli.c ****     }
 279:Generated_Source\PSoC5/Pre_Ampli.c **** }
 191              		.loc 1 279 0
 192 0064 07B0     		add	sp, sp, #28
 193              		.cfi_def_cfa_offset 4
 194              		@ sp needed
 195 0066 5DF8044B 		ldr	r4, [sp], #4
 196              		.cfi_restore 4
 197              		.cfi_def_cfa_offset 0
 198 006a 7047     		bx	lr
 199              	.L14:
 200              		.align	2
 201              	.L13:
 202 006c 00000000 		.word	.LANCHOR0
 203 0070 02580040 		.word	1073764354
 204 0074 01580040 		.word	1073764353
 205              		.cfi_endproc
 206              	.LFE5:
 207              		.size	Pre_Ampli_SetGain, .-Pre_Ampli_SetGain
 208              		.section	.text.Pre_Ampli_Init,"ax",%progbits
 209              		.align	2
 210              		.global	Pre_Ampli_Init
 211              		.thumb
 212              		.thumb_func
 213              		.type	Pre_Ampli_Init, %function
 214              	Pre_Ampli_Init:
 215              	.LFB0:
  50:Generated_Source\PSoC5/Pre_Ampli.c ****     /* Set PGA mode */
 216              		.loc 1 50 0
 217              		.cfi_startproc
 218              		@ args = 0, pretend = 0, frame = 0
 219              		@ frame_needed = 0, uses_anonymous_args = 0
 220 0000 10B5     		push	{r4, lr}
 221              		.cfi_def_cfa_offset 8
 222              		.cfi_offset 4, -8
 223              		.cfi_offset 14, -4
  52:Generated_Source\PSoC5/Pre_Ampli.c ****     /* Set non-inverting PGA mode and reference mode */
 224              		.loc 1 52 0
 225 0002 0C22     		movs	r2, #12
 226 0004 084B     		ldr	r3, .L17
 227 0006 1A70     		strb	r2, [r3]
  54:Generated_Source\PSoC5/Pre_Ampli.c ****     /* Set default gain and ref mode */
 228              		.loc 1 54 0
 229 0008 084A     		ldr	r2, .L17+4
 230 000a 1378     		ldrb	r3, [r2]	@ zero_extendqisi2
ARM GAS  C:\Users\Ludovic\AppData\Local\Temp\ccw7srUR.s 			page 10


 231 000c 43F02003 		orr	r3, r3, #32
 232 0010 1370     		strb	r3, [r2]
  56:Generated_Source\PSoC5/Pre_Ampli.c ****     /* Set gain and compensation */
 233              		.loc 1 56 0
 234 0012 0024     		movs	r4, #0
 235 0014 064B     		ldr	r3, .L17+8
 236 0016 1C70     		strb	r4, [r3]
  58:Generated_Source\PSoC5/Pre_Ampli.c ****     /* Set power */
 237              		.loc 1 58 0
 238 0018 0220     		movs	r0, #2
 239 001a FFF7FEFF 		bl	Pre_Ampli_SetGain
 240              	.LVL6:
  60:Generated_Source\PSoC5/Pre_Ampli.c **** }
 241              		.loc 1 60 0
 242 001e 2046     		mov	r0, r4
 243 0020 FFF7FEFF 		bl	Pre_Ampli_SetPower
 244              	.LVL7:
 245 0024 10BD     		pop	{r4, pc}
 246              	.L18:
 247 0026 00BF     		.align	2
 248              	.L17:
 249 0028 00580040 		.word	1073764352
 250 002c 01580040 		.word	1073764353
 251 0030 02580040 		.word	1073764354
 252              		.cfi_endproc
 253              	.LFE0:
 254              		.size	Pre_Ampli_Init, .-Pre_Ampli_Init
 255              		.section	.text.Pre_Ampli_Start,"ax",%progbits
 256              		.align	2
 257              		.global	Pre_Ampli_Start
 258              		.thumb
 259              		.thumb_func
 260              		.type	Pre_Ampli_Start, %function
 261              	Pre_Ampli_Start:
 262              	.LFB2:
 135:Generated_Source\PSoC5/Pre_Ampli.c **** 
 263              		.loc 1 135 0
 264              		.cfi_startproc
 265              		@ args = 0, pretend = 0, frame = 0
 266              		@ frame_needed = 0, uses_anonymous_args = 0
 267 0000 08B5     		push	{r3, lr}
 268              		.cfi_def_cfa_offset 8
 269              		.cfi_offset 3, -8
 270              		.cfi_offset 14, -4
 140:Generated_Source\PSoC5/Pre_Ampli.c ****     {
 271              		.loc 1 140 0
 272 0002 054B     		ldr	r3, .L22
 273 0004 1B78     		ldrb	r3, [r3]	@ zero_extendqisi2
 274 0006 23B9     		cbnz	r3, .L20
 142:Generated_Source\PSoC5/Pre_Ampli.c ****         Pre_Ampli_initVar = 1u;
 275              		.loc 1 142 0
 276 0008 FFF7FEFF 		bl	Pre_Ampli_Init
 277              	.LVL8:
 143:Generated_Source\PSoC5/Pre_Ampli.c ****     }
 278              		.loc 1 143 0
 279 000c 0122     		movs	r2, #1
 280 000e 024B     		ldr	r3, .L22
ARM GAS  C:\Users\Ludovic\AppData\Local\Temp\ccw7srUR.s 			page 11


 281 0010 1A70     		strb	r2, [r3]
 282              	.L20:
 146:Generated_Source\PSoC5/Pre_Ampli.c **** }
 283              		.loc 1 146 0
 284 0012 FFF7FEFF 		bl	Pre_Ampli_Enable
 285              	.LVL9:
 286 0016 08BD     		pop	{r3, pc}
 287              	.L23:
 288              		.align	2
 289              	.L22:
 290 0018 00000000 		.word	.LANCHOR1
 291              		.cfi_endproc
 292              	.LFE2:
 293              		.size	Pre_Ampli_Start, .-Pre_Ampli_Start
 294              		.global	Pre_Ampli_initVar
 295              		.section	.rodata
 296              		.align	2
 297              		.set	.LANCHOR0,. + 0
 298              	.LC0:
 299 0000 01       		.byte	1
 300 0001 11       		.byte	17
 301 0002 21       		.byte	33
 302 0003 31       		.byte	49
 303 0004 41       		.byte	65
 304 0005 61       		.byte	97
 305 0006 53       		.byte	83
 306 0007 63       		.byte	99
 307 0008 73       		.byte	115
 308 0009 000000   		.space	3
 309              	.LC1:
 310 000c 08       		.byte	8
 311 000d 09       		.byte	9
 312 000e 01       		.byte	1
 313 000f 01       		.byte	1
 314 0010 05       		.byte	5
 315 0011 07       		.byte	7
 316 0012 07       		.byte	7
 317 0013 04       		.byte	4
 318 0014 04       		.byte	4
 319 0015 000000   		.bss
 320              		.set	.LANCHOR1,. + 0
 321              		.type	Pre_Ampli_initVar, %object
 322              		.size	Pre_Ampli_initVar, 1
 323              	Pre_Ampli_initVar:
 324 0000 00       		.space	1
 325              		.text
 326              	.Letext0:
 327              		.file 2 "Generated_Source\\PSoC5\\cytypes.h"
 328              		.section	.debug_info,"",%progbits
 329              	.Ldebug_info0:
 330 0000 C4010000 		.4byte	0x1c4
 331 0004 0400     		.2byte	0x4
 332 0006 00000000 		.4byte	.Ldebug_abbrev0
 333 000a 04       		.byte	0x4
 334 000b 01       		.uleb128 0x1
 335 000c EA000000 		.4byte	.LASF26
 336 0010 01       		.byte	0x1
ARM GAS  C:\Users\Ludovic\AppData\Local\Temp\ccw7srUR.s 			page 12


 337 0011 2A020000 		.4byte	.LASF27
 338 0015 6B000000 		.4byte	.LASF28
 339 0019 00000000 		.4byte	.Ldebug_ranges0+0
 340 001d 00000000 		.4byte	0
 341 0021 00000000 		.4byte	.Ldebug_line0
 342 0025 02       		.uleb128 0x2
 343 0026 01       		.byte	0x1
 344 0027 06       		.byte	0x6
 345 0028 4D020000 		.4byte	.LASF0
 346 002c 02       		.uleb128 0x2
 347 002d 01       		.byte	0x1
 348 002e 08       		.byte	0x8
 349 002f 34000000 		.4byte	.LASF1
 350 0033 02       		.uleb128 0x2
 351 0034 02       		.byte	0x2
 352 0035 05       		.byte	0x5
 353 0036 E5010000 		.4byte	.LASF2
 354 003a 02       		.uleb128 0x2
 355 003b 02       		.byte	0x2
 356 003c 07       		.byte	0x7
 357 003d 16000000 		.4byte	.LASF3
 358 0041 02       		.uleb128 0x2
 359 0042 04       		.byte	0x4
 360 0043 05       		.byte	0x5
 361 0044 21020000 		.4byte	.LASF4
 362 0048 02       		.uleb128 0x2
 363 0049 04       		.byte	0x4
 364 004a 07       		.byte	0x7
 365 004b 59000000 		.4byte	.LASF5
 366 004f 02       		.uleb128 0x2
 367 0050 08       		.byte	0x8
 368 0051 05       		.byte	0x5
 369 0052 BE010000 		.4byte	.LASF6
 370 0056 02       		.uleb128 0x2
 371 0057 08       		.byte	0x8
 372 0058 07       		.byte	0x7
 373 0059 85010000 		.4byte	.LASF7
 374 005d 03       		.uleb128 0x3
 375 005e 04       		.byte	0x4
 376 005f 05       		.byte	0x5
 377 0060 696E7400 		.ascii	"int\000"
 378 0064 02       		.uleb128 0x2
 379 0065 04       		.byte	0x4
 380 0066 07       		.byte	0x7
 381 0067 78010000 		.4byte	.LASF8
 382 006b 04       		.uleb128 0x4
 383 006c BB000000 		.4byte	.LASF12
 384 0070 02       		.byte	0x2
 385 0071 9201     		.2byte	0x192
 386 0073 2C000000 		.4byte	0x2c
 387 0077 02       		.uleb128 0x2
 388 0078 04       		.byte	0x4
 389 0079 04       		.byte	0x4
 390 007a 2E000000 		.4byte	.LASF9
 391 007e 02       		.uleb128 0x2
 392 007f 08       		.byte	0x8
 393 0080 04       		.byte	0x4
ARM GAS  C:\Users\Ludovic\AppData\Local\Temp\ccw7srUR.s 			page 13


 394 0081 D4000000 		.4byte	.LASF10
 395 0085 02       		.uleb128 0x2
 396 0086 01       		.byte	0x1
 397 0087 08       		.byte	0x8
 398 0088 CC010000 		.4byte	.LASF11
 399 008c 04       		.uleb128 0x4
 400 008d 54000000 		.4byte	.LASF13
 401 0091 02       		.byte	0x2
 402 0092 3C02     		.2byte	0x23c
 403 0094 98000000 		.4byte	0x98
 404 0098 05       		.uleb128 0x5
 405 0099 6B000000 		.4byte	0x6b
 406 009d 02       		.uleb128 0x2
 407 009e 04       		.byte	0x4
 408 009f 07       		.byte	0x7
 409 00a0 AF010000 		.4byte	.LASF14
 410 00a4 06       		.uleb128 0x6
 411 00a5 EF010000 		.4byte	.LASF15
 412 00a9 01       		.byte	0x1
 413 00aa 4E       		.byte	0x4e
 414 00ab 00000000 		.4byte	.LFB1
 415 00af 28000000 		.4byte	.LFE1-.LFB1
 416 00b3 01       		.uleb128 0x1
 417 00b4 9C       		.byte	0x9c
 418 00b5 06       		.uleb128 0x6
 419 00b6 12020000 		.4byte	.LASF16
 420 00ba 01       		.byte	0x1
 421 00bb A4       		.byte	0xa4
 422 00bc 00000000 		.4byte	.LFB3
 423 00c0 1C000000 		.4byte	.LFE3-.LFB3
 424 00c4 01       		.uleb128 0x1
 425 00c5 9C       		.byte	0x9c
 426 00c6 07       		.uleb128 0x7
 427 00c7 9C010000 		.4byte	.LASF17
 428 00cb 01       		.byte	0x1
 429 00cc D2       		.byte	0xd2
 430 00cd 00000000 		.4byte	.LFB4
 431 00d1 18000000 		.4byte	.LFE4-.LFB4
 432 00d5 01       		.uleb128 0x1
 433 00d6 9C       		.byte	0x9c
 434 00d7 FA000000 		.4byte	0xfa
 435 00db 08       		.uleb128 0x8
 436 00dc B8010000 		.4byte	.LASF19
 437 00e0 01       		.byte	0x1
 438 00e1 D2       		.byte	0xd2
 439 00e2 6B000000 		.4byte	0x6b
 440 00e6 00000000 		.4byte	.LLST0
 441 00ea 09       		.uleb128 0x9
 442 00eb 00000000 		.4byte	.LASF21
 443 00ef 01       		.byte	0x1
 444 00f0 D4       		.byte	0xd4
 445 00f1 6B000000 		.4byte	0x6b
 446 00f5 21000000 		.4byte	.LLST1
 447 00f9 00       		.byte	0
 448 00fa 07       		.uleb128 0x7
 449 00fb 42000000 		.4byte	.LASF18
 450 00ff 01       		.byte	0x1
ARM GAS  C:\Users\Ludovic\AppData\Local\Temp\ccw7srUR.s 			page 14


 451 0100 EB       		.byte	0xeb
 452 0101 00000000 		.4byte	.LFB5
 453 0105 78000000 		.4byte	.LFE5-.LFB5
 454 0109 01       		.uleb128 0x1
 455 010a 9C       		.byte	0x9c
 456 010b 3B010000 		.4byte	0x13b
 457 010f 08       		.uleb128 0x8
 458 0110 29000000 		.4byte	.LASF20
 459 0114 01       		.byte	0x1
 460 0115 EB       		.byte	0xeb
 461 0116 6B000000 		.4byte	0x6b
 462 011a 3F000000 		.4byte	.LLST2
 463 011e 0A       		.uleb128 0xa
 464 011f D1010000 		.4byte	.LASF22
 465 0123 01       		.byte	0x1
 466 0124 EE       		.byte	0xee
 467 0125 4B010000 		.4byte	0x14b
 468 0129 02       		.uleb128 0x2
 469 012a 91       		.byte	0x91
 470 012b 6C       		.sleb128 -20
 471 012c 0A       		.uleb128 0xa
 472 012d C1000000 		.4byte	.LASF23
 473 0131 01       		.byte	0x1
 474 0132 FB       		.byte	0xfb
 475 0133 50010000 		.4byte	0x150
 476 0137 02       		.uleb128 0x2
 477 0138 91       		.byte	0x91
 478 0139 60       		.sleb128 -32
 479 013a 00       		.byte	0
 480 013b 0B       		.uleb128 0xb
 481 013c 6B000000 		.4byte	0x6b
 482 0140 4B010000 		.4byte	0x14b
 483 0144 0C       		.uleb128 0xc
 484 0145 9D000000 		.4byte	0x9d
 485 0149 08       		.byte	0x8
 486 014a 00       		.byte	0
 487 014b 0D       		.uleb128 0xd
 488 014c 3B010000 		.4byte	0x13b
 489 0150 0D       		.uleb128 0xd
 490 0151 3B010000 		.4byte	0x13b
 491 0155 07       		.uleb128 0x7
 492 0156 DB000000 		.4byte	.LASF24
 493 015a 01       		.byte	0x1
 494 015b 31       		.byte	0x31
 495 015c 00000000 		.4byte	.LFB0
 496 0160 34000000 		.4byte	.LFE0-.LFB0
 497 0164 01       		.uleb128 0x1
 498 0165 9C       		.byte	0x9c
 499 0166 8E010000 		.4byte	0x18e
 500 016a 0E       		.uleb128 0xe
 501 016b 1E000000 		.4byte	.LVL6
 502 016f FA000000 		.4byte	0xfa
 503 0173 7D010000 		.4byte	0x17d
 504 0177 0F       		.uleb128 0xf
 505 0178 01       		.uleb128 0x1
 506 0179 50       		.byte	0x50
 507 017a 01       		.uleb128 0x1
ARM GAS  C:\Users\Ludovic\AppData\Local\Temp\ccw7srUR.s 			page 15


 508 017b 32       		.byte	0x32
 509 017c 00       		.byte	0
 510 017d 10       		.uleb128 0x10
 511 017e 24000000 		.4byte	.LVL7
 512 0182 C6000000 		.4byte	0xc6
 513 0186 0F       		.uleb128 0xf
 514 0187 01       		.uleb128 0x1
 515 0188 50       		.byte	0x50
 516 0189 02       		.uleb128 0x2
 517 018a 74       		.byte	0x74
 518 018b 00       		.sleb128 0
 519 018c 00       		.byte	0
 520 018d 00       		.byte	0
 521 018e 07       		.uleb128 0x7
 522 018f 06000000 		.4byte	.LASF25
 523 0193 01       		.byte	0x1
 524 0194 86       		.byte	0x86
 525 0195 00000000 		.4byte	.LFB2
 526 0199 1C000000 		.4byte	.LFE2-.LFB2
 527 019d 01       		.uleb128 0x1
 528 019e 9C       		.byte	0x9c
 529 019f B6010000 		.4byte	0x1b6
 530 01a3 11       		.uleb128 0x11
 531 01a4 0C000000 		.4byte	.LVL8
 532 01a8 55010000 		.4byte	0x155
 533 01ac 11       		.uleb128 0x11
 534 01ad 16000000 		.4byte	.LVL9
 535 01b1 A4000000 		.4byte	0xa4
 536 01b5 00       		.byte	0
 537 01b6 12       		.uleb128 0x12
 538 01b7 00020000 		.4byte	.LASF29
 539 01bb 01       		.byte	0x1
 540 01bc 1E       		.byte	0x1e
 541 01bd 6B000000 		.4byte	0x6b
 542 01c1 05       		.uleb128 0x5
 543 01c2 03       		.byte	0x3
 544 01c3 00000000 		.4byte	Pre_Ampli_initVar
 545 01c7 00       		.byte	0
 546              		.section	.debug_abbrev,"",%progbits
 547              	.Ldebug_abbrev0:
 548 0000 01       		.uleb128 0x1
 549 0001 11       		.uleb128 0x11
 550 0002 01       		.byte	0x1
 551 0003 25       		.uleb128 0x25
 552 0004 0E       		.uleb128 0xe
 553 0005 13       		.uleb128 0x13
 554 0006 0B       		.uleb128 0xb
 555 0007 03       		.uleb128 0x3
 556 0008 0E       		.uleb128 0xe
 557 0009 1B       		.uleb128 0x1b
 558 000a 0E       		.uleb128 0xe
 559 000b 55       		.uleb128 0x55
 560 000c 17       		.uleb128 0x17
 561 000d 11       		.uleb128 0x11
 562 000e 01       		.uleb128 0x1
 563 000f 10       		.uleb128 0x10
 564 0010 17       		.uleb128 0x17
ARM GAS  C:\Users\Ludovic\AppData\Local\Temp\ccw7srUR.s 			page 16


 565 0011 00       		.byte	0
 566 0012 00       		.byte	0
 567 0013 02       		.uleb128 0x2
 568 0014 24       		.uleb128 0x24
 569 0015 00       		.byte	0
 570 0016 0B       		.uleb128 0xb
 571 0017 0B       		.uleb128 0xb
 572 0018 3E       		.uleb128 0x3e
 573 0019 0B       		.uleb128 0xb
 574 001a 03       		.uleb128 0x3
 575 001b 0E       		.uleb128 0xe
 576 001c 00       		.byte	0
 577 001d 00       		.byte	0
 578 001e 03       		.uleb128 0x3
 579 001f 24       		.uleb128 0x24
 580 0020 00       		.byte	0
 581 0021 0B       		.uleb128 0xb
 582 0022 0B       		.uleb128 0xb
 583 0023 3E       		.uleb128 0x3e
 584 0024 0B       		.uleb128 0xb
 585 0025 03       		.uleb128 0x3
 586 0026 08       		.uleb128 0x8
 587 0027 00       		.byte	0
 588 0028 00       		.byte	0
 589 0029 04       		.uleb128 0x4
 590 002a 16       		.uleb128 0x16
 591 002b 00       		.byte	0
 592 002c 03       		.uleb128 0x3
 593 002d 0E       		.uleb128 0xe
 594 002e 3A       		.uleb128 0x3a
 595 002f 0B       		.uleb128 0xb
 596 0030 3B       		.uleb128 0x3b
 597 0031 05       		.uleb128 0x5
 598 0032 49       		.uleb128 0x49
 599 0033 13       		.uleb128 0x13
 600 0034 00       		.byte	0
 601 0035 00       		.byte	0
 602 0036 05       		.uleb128 0x5
 603 0037 35       		.uleb128 0x35
 604 0038 00       		.byte	0
 605 0039 49       		.uleb128 0x49
 606 003a 13       		.uleb128 0x13
 607 003b 00       		.byte	0
 608 003c 00       		.byte	0
 609 003d 06       		.uleb128 0x6
 610 003e 2E       		.uleb128 0x2e
 611 003f 00       		.byte	0
 612 0040 3F       		.uleb128 0x3f
 613 0041 19       		.uleb128 0x19
 614 0042 03       		.uleb128 0x3
 615 0043 0E       		.uleb128 0xe
 616 0044 3A       		.uleb128 0x3a
 617 0045 0B       		.uleb128 0xb
 618 0046 3B       		.uleb128 0x3b
 619 0047 0B       		.uleb128 0xb
 620 0048 27       		.uleb128 0x27
 621 0049 19       		.uleb128 0x19
ARM GAS  C:\Users\Ludovic\AppData\Local\Temp\ccw7srUR.s 			page 17


 622 004a 11       		.uleb128 0x11
 623 004b 01       		.uleb128 0x1
 624 004c 12       		.uleb128 0x12
 625 004d 06       		.uleb128 0x6
 626 004e 40       		.uleb128 0x40
 627 004f 18       		.uleb128 0x18
 628 0050 9742     		.uleb128 0x2117
 629 0052 19       		.uleb128 0x19
 630 0053 00       		.byte	0
 631 0054 00       		.byte	0
 632 0055 07       		.uleb128 0x7
 633 0056 2E       		.uleb128 0x2e
 634 0057 01       		.byte	0x1
 635 0058 3F       		.uleb128 0x3f
 636 0059 19       		.uleb128 0x19
 637 005a 03       		.uleb128 0x3
 638 005b 0E       		.uleb128 0xe
 639 005c 3A       		.uleb128 0x3a
 640 005d 0B       		.uleb128 0xb
 641 005e 3B       		.uleb128 0x3b
 642 005f 0B       		.uleb128 0xb
 643 0060 27       		.uleb128 0x27
 644 0061 19       		.uleb128 0x19
 645 0062 11       		.uleb128 0x11
 646 0063 01       		.uleb128 0x1
 647 0064 12       		.uleb128 0x12
 648 0065 06       		.uleb128 0x6
 649 0066 40       		.uleb128 0x40
 650 0067 18       		.uleb128 0x18
 651 0068 9742     		.uleb128 0x2117
 652 006a 19       		.uleb128 0x19
 653 006b 01       		.uleb128 0x1
 654 006c 13       		.uleb128 0x13
 655 006d 00       		.byte	0
 656 006e 00       		.byte	0
 657 006f 08       		.uleb128 0x8
 658 0070 05       		.uleb128 0x5
 659 0071 00       		.byte	0
 660 0072 03       		.uleb128 0x3
 661 0073 0E       		.uleb128 0xe
 662 0074 3A       		.uleb128 0x3a
 663 0075 0B       		.uleb128 0xb
 664 0076 3B       		.uleb128 0x3b
 665 0077 0B       		.uleb128 0xb
 666 0078 49       		.uleb128 0x49
 667 0079 13       		.uleb128 0x13
 668 007a 02       		.uleb128 0x2
 669 007b 17       		.uleb128 0x17
 670 007c 00       		.byte	0
 671 007d 00       		.byte	0
 672 007e 09       		.uleb128 0x9
 673 007f 34       		.uleb128 0x34
 674 0080 00       		.byte	0
 675 0081 03       		.uleb128 0x3
 676 0082 0E       		.uleb128 0xe
 677 0083 3A       		.uleb128 0x3a
 678 0084 0B       		.uleb128 0xb
ARM GAS  C:\Users\Ludovic\AppData\Local\Temp\ccw7srUR.s 			page 18


 679 0085 3B       		.uleb128 0x3b
 680 0086 0B       		.uleb128 0xb
 681 0087 49       		.uleb128 0x49
 682 0088 13       		.uleb128 0x13
 683 0089 02       		.uleb128 0x2
 684 008a 17       		.uleb128 0x17
 685 008b 00       		.byte	0
 686 008c 00       		.byte	0
 687 008d 0A       		.uleb128 0xa
 688 008e 34       		.uleb128 0x34
 689 008f 00       		.byte	0
 690 0090 03       		.uleb128 0x3
 691 0091 0E       		.uleb128 0xe
 692 0092 3A       		.uleb128 0x3a
 693 0093 0B       		.uleb128 0xb
 694 0094 3B       		.uleb128 0x3b
 695 0095 0B       		.uleb128 0xb
 696 0096 49       		.uleb128 0x49
 697 0097 13       		.uleb128 0x13
 698 0098 02       		.uleb128 0x2
 699 0099 18       		.uleb128 0x18
 700 009a 00       		.byte	0
 701 009b 00       		.byte	0
 702 009c 0B       		.uleb128 0xb
 703 009d 01       		.uleb128 0x1
 704 009e 01       		.byte	0x1
 705 009f 49       		.uleb128 0x49
 706 00a0 13       		.uleb128 0x13
 707 00a1 01       		.uleb128 0x1
 708 00a2 13       		.uleb128 0x13
 709 00a3 00       		.byte	0
 710 00a4 00       		.byte	0
 711 00a5 0C       		.uleb128 0xc
 712 00a6 21       		.uleb128 0x21
 713 00a7 00       		.byte	0
 714 00a8 49       		.uleb128 0x49
 715 00a9 13       		.uleb128 0x13
 716 00aa 2F       		.uleb128 0x2f
 717 00ab 0B       		.uleb128 0xb
 718 00ac 00       		.byte	0
 719 00ad 00       		.byte	0
 720 00ae 0D       		.uleb128 0xd
 721 00af 26       		.uleb128 0x26
 722 00b0 00       		.byte	0
 723 00b1 49       		.uleb128 0x49
 724 00b2 13       		.uleb128 0x13
 725 00b3 00       		.byte	0
 726 00b4 00       		.byte	0
 727 00b5 0E       		.uleb128 0xe
 728 00b6 898201   		.uleb128 0x4109
 729 00b9 01       		.byte	0x1
 730 00ba 11       		.uleb128 0x11
 731 00bb 01       		.uleb128 0x1
 732 00bc 31       		.uleb128 0x31
 733 00bd 13       		.uleb128 0x13
 734 00be 01       		.uleb128 0x1
 735 00bf 13       		.uleb128 0x13
ARM GAS  C:\Users\Ludovic\AppData\Local\Temp\ccw7srUR.s 			page 19


 736 00c0 00       		.byte	0
 737 00c1 00       		.byte	0
 738 00c2 0F       		.uleb128 0xf
 739 00c3 8A8201   		.uleb128 0x410a
 740 00c6 00       		.byte	0
 741 00c7 02       		.uleb128 0x2
 742 00c8 18       		.uleb128 0x18
 743 00c9 9142     		.uleb128 0x2111
 744 00cb 18       		.uleb128 0x18
 745 00cc 00       		.byte	0
 746 00cd 00       		.byte	0
 747 00ce 10       		.uleb128 0x10
 748 00cf 898201   		.uleb128 0x4109
 749 00d2 01       		.byte	0x1
 750 00d3 11       		.uleb128 0x11
 751 00d4 01       		.uleb128 0x1
 752 00d5 31       		.uleb128 0x31
 753 00d6 13       		.uleb128 0x13
 754 00d7 00       		.byte	0
 755 00d8 00       		.byte	0
 756 00d9 11       		.uleb128 0x11
 757 00da 898201   		.uleb128 0x4109
 758 00dd 00       		.byte	0
 759 00de 11       		.uleb128 0x11
 760 00df 01       		.uleb128 0x1
 761 00e0 31       		.uleb128 0x31
 762 00e1 13       		.uleb128 0x13
 763 00e2 00       		.byte	0
 764 00e3 00       		.byte	0
 765 00e4 12       		.uleb128 0x12
 766 00e5 34       		.uleb128 0x34
 767 00e6 00       		.byte	0
 768 00e7 03       		.uleb128 0x3
 769 00e8 0E       		.uleb128 0xe
 770 00e9 3A       		.uleb128 0x3a
 771 00ea 0B       		.uleb128 0xb
 772 00eb 3B       		.uleb128 0x3b
 773 00ec 0B       		.uleb128 0xb
 774 00ed 49       		.uleb128 0x49
 775 00ee 13       		.uleb128 0x13
 776 00ef 3F       		.uleb128 0x3f
 777 00f0 19       		.uleb128 0x19
 778 00f1 02       		.uleb128 0x2
 779 00f2 18       		.uleb128 0x18
 780 00f3 00       		.byte	0
 781 00f4 00       		.byte	0
 782 00f5 00       		.byte	0
 783              		.section	.debug_loc,"",%progbits
 784              	.Ldebug_loc0:
 785              	.LLST0:
 786 0000 00000000 		.4byte	.LVL0
 787 0004 0C000000 		.4byte	.LVL2
 788 0008 0100     		.2byte	0x1
 789 000a 50       		.byte	0x50
 790 000b 0C000000 		.4byte	.LVL2
 791 000f 18000000 		.4byte	.LFE4
 792 0013 0400     		.2byte	0x4
ARM GAS  C:\Users\Ludovic\AppData\Local\Temp\ccw7srUR.s 			page 20


 793 0015 F3       		.byte	0xf3
 794 0016 01       		.uleb128 0x1
 795 0017 50       		.byte	0x50
 796 0018 9F       		.byte	0x9f
 797 0019 00000000 		.4byte	0
 798 001d 00000000 		.4byte	0
 799              	.LLST1:
 800 0021 08000000 		.4byte	.LVL1
 801 0025 0E000000 		.4byte	.LVL3
 802 0029 0100     		.2byte	0x1
 803 002b 53       		.byte	0x53
 804 002c 0E000000 		.4byte	.LVL3
 805 0030 18000000 		.4byte	.LFE4
 806 0034 0100     		.2byte	0x1
 807 0036 50       		.byte	0x50
 808 0037 00000000 		.4byte	0
 809 003b 00000000 		.4byte	0
 810              	.LLST2:
 811 003f 00000000 		.4byte	.LVL4
 812 0043 0C000000 		.4byte	.LVL5
 813 0047 0100     		.2byte	0x1
 814 0049 50       		.byte	0x50
 815 004a 0C000000 		.4byte	.LVL5
 816 004e 78000000 		.4byte	.LFE5
 817 0052 0400     		.2byte	0x4
 818 0054 F3       		.byte	0xf3
 819 0055 01       		.uleb128 0x1
 820 0056 50       		.byte	0x50
 821 0057 9F       		.byte	0x9f
 822 0058 00000000 		.4byte	0
 823 005c 00000000 		.4byte	0
 824              		.section	.debug_aranges,"",%progbits
 825 0000 44000000 		.4byte	0x44
 826 0004 0200     		.2byte	0x2
 827 0006 00000000 		.4byte	.Ldebug_info0
 828 000a 04       		.byte	0x4
 829 000b 00       		.byte	0
 830 000c 0000     		.2byte	0
 831 000e 0000     		.2byte	0
 832 0010 00000000 		.4byte	.LFB1
 833 0014 28000000 		.4byte	.LFE1-.LFB1
 834 0018 00000000 		.4byte	.LFB3
 835 001c 1C000000 		.4byte	.LFE3-.LFB3
 836 0020 00000000 		.4byte	.LFB4
 837 0024 18000000 		.4byte	.LFE4-.LFB4
 838 0028 00000000 		.4byte	.LFB5
 839 002c 78000000 		.4byte	.LFE5-.LFB5
 840 0030 00000000 		.4byte	.LFB0
 841 0034 34000000 		.4byte	.LFE0-.LFB0
 842 0038 00000000 		.4byte	.LFB2
 843 003c 1C000000 		.4byte	.LFE2-.LFB2
 844 0040 00000000 		.4byte	0
 845 0044 00000000 		.4byte	0
 846              		.section	.debug_ranges,"",%progbits
 847              	.Ldebug_ranges0:
 848 0000 00000000 		.4byte	.LFB1
 849 0004 28000000 		.4byte	.LFE1
ARM GAS  C:\Users\Ludovic\AppData\Local\Temp\ccw7srUR.s 			page 21


 850 0008 00000000 		.4byte	.LFB3
 851 000c 1C000000 		.4byte	.LFE3
 852 0010 00000000 		.4byte	.LFB4
 853 0014 18000000 		.4byte	.LFE4
 854 0018 00000000 		.4byte	.LFB5
 855 001c 78000000 		.4byte	.LFE5
 856 0020 00000000 		.4byte	.LFB0
 857 0024 34000000 		.4byte	.LFE0
 858 0028 00000000 		.4byte	.LFB2
 859 002c 1C000000 		.4byte	.LFE2
 860 0030 00000000 		.4byte	0
 861 0034 00000000 		.4byte	0
 862              		.section	.debug_line,"",%progbits
 863              	.Ldebug_line0:
 864 0000 CC000000 		.section	.debug_str,"MS",%progbits,1
 864      02004600 
 864      00000201 
 864      FB0E0D00 
 864      01010101 
 865              	.LASF21:
 866 0000 746D7043 		.ascii	"tmpCR\000"
 866      5200
 867              	.LASF25:
 868 0006 5072655F 		.ascii	"Pre_Ampli_Start\000"
 868      416D706C 
 868      695F5374 
 868      61727400 
 869              	.LASF3:
 870 0016 73686F72 		.ascii	"short unsigned int\000"
 870      7420756E 
 870      7369676E 
 870      65642069 
 870      6E7400
 871              	.LASF20:
 872 0029 6761696E 		.ascii	"gain\000"
 872      00
 873              	.LASF9:
 874 002e 666C6F61 		.ascii	"float\000"
 874      7400
 875              	.LASF1:
 876 0034 756E7369 		.ascii	"unsigned char\000"
 876      676E6564 
 876      20636861 
 876      7200
 877              	.LASF18:
 878 0042 5072655F 		.ascii	"Pre_Ampli_SetGain\000"
 878      416D706C 
 878      695F5365 
 878      74476169 
 878      6E00
 879              	.LASF13:
 880 0054 72656738 		.ascii	"reg8\000"
 880      00
 881              	.LASF5:
 882 0059 6C6F6E67 		.ascii	"long unsigned int\000"
 882      20756E73 
 882      69676E65 
ARM GAS  C:\Users\Ludovic\AppData\Local\Temp\ccw7srUR.s 			page 22


 882      6420696E 
 882      7400
 883              	.LASF28:
 884 006b 433A5C55 		.ascii	"C:\\Users\\Ludovic\\Documents\\PSoC Creator\\CY8CKI"
 884      73657273 
 884      5C4C7564 
 884      6F766963 
 884      5C446F63 
 885 0099 542D3035 		.ascii	"T-050\\BE_Systemes_Embarques.cydsn\000"
 885      305C4245 
 885      5F537973 
 885      74656D65 
 885      735F456D 
 886              	.LASF12:
 887 00bb 75696E74 		.ascii	"uint8\000"
 887      3800
 888              	.LASF23:
 889 00c1 5072655F 		.ascii	"Pre_Ampli_GainComp\000"
 889      416D706C 
 889      695F4761 
 889      696E436F 
 889      6D7000
 890              	.LASF10:
 891 00d4 646F7562 		.ascii	"double\000"
 891      6C6500
 892              	.LASF24:
 893 00db 5072655F 		.ascii	"Pre_Ampli_Init\000"
 893      416D706C 
 893      695F496E 
 893      697400
 894              	.LASF26:
 895 00ea 474E5520 		.ascii	"GNU C 4.9.3 20150303 (release) [ARM/embedded-4_9-br"
 895      4320342E 
 895      392E3320 
 895      32303135 
 895      30333033 
 896 011d 616E6368 		.ascii	"anch revision 221220] -mcpu=cortex-m3 -mthumb -g -O"
 896      20726576 
 896      6973696F 
 896      6E203232 
 896      31323230 
 897 0150 67202D66 		.ascii	"g -ffunction-sections -ffat-lto-objects\000"
 897      66756E63 
 897      74696F6E 
 897      2D736563 
 897      74696F6E 
 898              	.LASF8:
 899 0178 756E7369 		.ascii	"unsigned int\000"
 899      676E6564 
 899      20696E74 
 899      00
 900              	.LASF7:
 901 0185 6C6F6E67 		.ascii	"long long unsigned int\000"
 901      206C6F6E 
 901      6720756E 
 901      7369676E 
 901      65642069 
ARM GAS  C:\Users\Ludovic\AppData\Local\Temp\ccw7srUR.s 			page 23


 902              	.LASF17:
 903 019c 5072655F 		.ascii	"Pre_Ampli_SetPower\000"
 903      416D706C 
 903      695F5365 
 903      74506F77 
 903      657200
 904              	.LASF14:
 905 01af 73697A65 		.ascii	"sizetype\000"
 905      74797065 
 905      00
 906              	.LASF19:
 907 01b8 706F7765 		.ascii	"power\000"
 907      7200
 908              	.LASF6:
 909 01be 6C6F6E67 		.ascii	"long long int\000"
 909      206C6F6E 
 909      6720696E 
 909      7400
 910              	.LASF11:
 911 01cc 63686172 		.ascii	"char\000"
 911      00
 912              	.LASF22:
 913 01d1 5072655F 		.ascii	"Pre_Ampli_GainArray\000"
 913      416D706C 
 913      695F4761 
 913      696E4172 
 913      72617900 
 914              	.LASF2:
 915 01e5 73686F72 		.ascii	"short int\000"
 915      7420696E 
 915      7400
 916              	.LASF15:
 917 01ef 5072655F 		.ascii	"Pre_Ampli_Enable\000"
 917      416D706C 
 917      695F456E 
 917      61626C65 
 917      00
 918              	.LASF29:
 919 0200 5072655F 		.ascii	"Pre_Ampli_initVar\000"
 919      416D706C 
 919      695F696E 
 919      69745661 
 919      7200
 920              	.LASF16:
 921 0212 5072655F 		.ascii	"Pre_Ampli_Stop\000"
 921      416D706C 
 921      695F5374 
 921      6F7000
 922              	.LASF4:
 923 0221 6C6F6E67 		.ascii	"long int\000"
 923      20696E74 
 923      00
 924              	.LASF27:
 925 022a 47656E65 		.ascii	"Generated_Source\\PSoC5\\Pre_Ampli.c\000"
 925      72617465 
 925      645F536F 
 925      75726365 
ARM GAS  C:\Users\Ludovic\AppData\Local\Temp\ccw7srUR.s 			page 24


 925      5C50536F 
 926              	.LASF0:
 927 024d 7369676E 		.ascii	"signed char\000"
 927      65642063 
 927      68617200 
 928              		.ident	"GCC: (GNU Tools for ARM Embedded Processors) 4.9.3 20150303 (release) [ARM/embedded-4_9-br
