--------------- Rebuild Started: 01/21/2017 17:54:29 Project: Ultrasonic_Distance_Meter, Configuration: ARM GCC 4.9-2015-q1-update Debug ---------------
Deleting file ".\CortexM3\ARM_GCC_493\Debug\main.o"
Deleting file ".\CortexM3\ARM_GCC_493\Debug\cyfitter_cfg.o"
Deleting file ".\CortexM3\ARM_GCC_493\Debug\cymetadata.o"
Deleting file ".\CortexM3\ARM_GCC_493\Debug\Out_MAX232.o"
Deleting file ".\CortexM3\ARM_GCC_493\Debug\Out_MAX232_PM.o"
Deleting file ".\CortexM3\ARM_GCC_493\Debug\Clock_1.o"
Deleting file ".\CortexM3\ARM_GCC_493\Debug\Cm3Start.o"
Deleting file ".\CortexM3\ARM_GCC_493\Debug\CyBootAsmGnu.o"
Deleting file ".\CortexM3\ARM_GCC_493\Debug\CyDmac.o"
Deleting file ".\CortexM3\ARM_GCC_493\Debug\CyFlash.o"
Deleting file ".\CortexM3\ARM_GCC_493\Debug\CyLib.o"
Deleting file ".\CortexM3\ARM_GCC_493\Debug\cyPm.o"
Deleting file ".\CortexM3\ARM_GCC_493\Debug\CySpc.o"
Deleting file ".\CortexM3\ARM_GCC_493\Debug\cyutils.o"
Deleting file ".\CortexM3\ARM_GCC_493\Debug\TX1.o"
Deleting file ".\CortexM3\ARM_GCC_493\Debug\TX2.o"
Deleting file ".\CortexM3\ARM_GCC_493\Debug\RX.o"
Deleting file ".\CortexM3\ARM_GCC_493\Debug\Pre_Ampli.o"
Deleting file ".\CortexM3\ARM_GCC_493\Debug\Pre_Ampli_PM.o"
Deleting file ".\CortexM3\ARM_GCC_493\Debug\LCD.o"
Deleting file ".\CortexM3\ARM_GCC_493\Debug\LCD_PM.o"
Deleting file ".\CortexM3\ARM_GCC_493\Debug\LCD_LCDPort.o"
Deleting file ".\CortexM3\ARM_GCC_493\Debug\Timer_TX.o"
Deleting file ".\CortexM3\ARM_GCC_493\Debug\Timer_TX_PM.o"
Deleting file ".\CortexM3\ARM_GCC_493\Debug\Interrupt_TX.o"
Deleting file ".\CortexM3\ARM_GCC_493\Debug\Counter_Pulses.o"
Deleting file ".\CortexM3\ARM_GCC_493\Debug\Counter_Pulses_PM.o"
Deleting file ".\CortexM3\ARM_GCC_493\Debug\Comparator.o"
Deleting file ".\CortexM3\ARM_GCC_493\Debug\Comparator_PM.o"
Deleting file ".\CortexM3\ARM_GCC_493\Debug\Threshold.o"
Deleting file ".\CortexM3\ARM_GCC_493\Debug\Threshold_PM.o"
Deleting file ".\CortexM3\ARM_GCC_493\Debug\Interrupt_RX.o"
Deleting file ".\CortexM3\ARM_GCC_493\Debug\Chronometer.o"
Deleting file ".\CortexM3\ARM_GCC_493\Debug\Chronometer_PM.o"
Deleting file ".\CortexM3\ARM_GCC_493\Debug\Clk.o"
Deleting file ".\CortexM3\ARM_GCC_493\Debug\Test_Ampli.o"
Deleting file ".\CortexM3\ARM_GCC_493\Debug\LED3.o"
Deleting file ".\CortexM3\ARM_GCC_493\Debug\Clock_2.o"
Deleting file ".\CortexM3\ARM_GCC_493\Debug\XBee.o"
Deleting file ".\CortexM3\ARM_GCC_493\Debug\XBee_PM.o"
Deleting file ".\CortexM3\ARM_GCC_493\Debug\XBee_INT.o"
Deleting file ".\CortexM3\ARM_GCC_493\Debug\XBee_BOOT.o"
Deleting file ".\CortexM3\ARM_GCC_493\Debug\Rotation_Register.o"
Deleting file ".\CortexM3\ARM_GCC_493\Debug\Rotation_Register_PM.o"
Deleting file ".\CortexM3\ARM_GCC_493\Debug\PWM_Front.o"
Deleting file ".\CortexM3\ARM_GCC_493\Debug\PWM_Front_PM.o"
Deleting file ".\CortexM3\ARM_GCC_493\Debug\PWM_Back.o"
Deleting file ".\CortexM3\ARM_GCC_493\Debug\PWM_Back_PM.o"
Deleting file ".\CortexM3\ARM_GCC_493\Debug\XBee_IntClock.o"
Deleting file ".\CortexM3\ARM_GCC_493\Debug\PWM_Front_Left.o"
Deleting file ".\CortexM3\ARM_GCC_493\Debug\PWM_Front_Right.o"
Deleting file ".\CortexM3\ARM_GCC_493\Debug\PWM_Back_Left.o"
Deleting file ".\CortexM3\ARM_GCC_493\Debug\PWM_Back_Right.o"
Deleting file ".\CortexM3\ARM_GCC_493\Debug\InhB_Front_Right.o"
Deleting file ".\CortexM3\ARM_GCC_493\Debug\InhA_Front_Right.o"
Deleting file ".\CortexM3\ARM_GCC_493\Debug\InhB_Back_Right.o"
Deleting file ".\CortexM3\ARM_GCC_493\Debug\InhA_Back_Right.o"
Deleting file ".\CortexM3\ARM_GCC_493\Debug\InhB_Back_Left.o"
Deleting file ".\CortexM3\ARM_GCC_493\Debug\InhA_Back_Left.o"
Deleting file ".\CortexM3\ARM_GCC_493\Debug\InhB_Front_Left.o"
Deleting file ".\CortexM3\ARM_GCC_493\Debug\InhA_Front_Left.o"
Deleting file ".\CortexM3\ARM_GCC_493\Debug\Interrupt_Xbee.o"
Deleting file ".\CortexM3\ARM_GCC_493\Debug\Ultrasonic_Distance_Meter.hex"
Deleting file ".\CortexM3\ARM_GCC_493\Debug\Ultrasonic_Distance_Meter.elf"
Deleting file ".\CortexM3\ARM_GCC_493\Debug\Ultrasonic_Distance_Meter.map"
Deleting file ".\Ultrasonic_Distance_Meter.cycdx"
Deleting file ".\Ultrasonic_Distance_Meter.svd"
Deleting file ".\Ultrasonic_Distance_Meter.rpt"
Deleting file ".\Ultrasonic_Distance_Meter_timing.html"
Deleting file ".\CortexM3\ARM_GCC_493\Debug\.deps\SOURCE_C__ARM_GCC_GENERIC.P"
Deleting file ".\CortexM3\ARM_GCC_493\Debug\.deps\SOURCE_ASM__ARM_GCC_GENERIC.P"
cydsfit.exe -.appdatapath "C:\Users\Ludovic\AppData\Local\Cypress Semiconductor\PSoC Creator\4.0" -.fdsnotice -.fdswarpdepfile=warp_dependencies.txt -.fdselabdepfile=elab_dependencies.txt -.fdsbldfile=generated_files.txt -.fdsreffile=referenced_files.txt -p "C:\Users\Ludovic\Documents\PSoC Creator\BE_PSoC\Ultrasonic_Distance_Meter.cydsn\Ultrasonic_Distance_Meter.cyprj" -d CY8C5868AXI-LP035 -s "C:\Users\Ludovic\Documents\PSoC Creator\BE_PSoC\Ultrasonic_Distance_Meter.cydsn\Generated_Source\PSoC5" -- -yv2 -q10 -ygs -o2 -v3 -.fftcfgtype=LE
Elaborating Design...
HDL Generation...
Synthesis...
Tech Mapping...
Analog Placement...
Log: apr.M0058: The analog placement iterative improvement is 28% done. (App=cydsfit)
Log: apr.M0058: The analog placement iterative improvement is 48% done. (App=cydsfit)
Log: apr.M0058: The analog placement iterative improvement is 87% done. (App=cydsfit)
Analog Routing...
Analog Code Generation...
Digital Placement...
Digital Routing...
Bitstream Generation...
Bitstream Verification...
Static timing analysis...
API Generation...
Dependency Generation...
Cleanup...
arm-none-eabi-gcc.exe -mcpu=cortex-m3 -mthumb -I. -IGenerated_Source\PSoC5 -Wa,-alh=.\CortexM3\ARM_GCC_493\Debug/main.lst -g -D DEBUG -Wall -ffunction-sections -Og -ffat-lto-objects -c main.c -o .\CortexM3\ARM_GCC_493\Debug\main.o
arm-none-eabi-gcc.exe -mcpu=cortex-m3 -mthumb -I. -IGenerated_Source\PSoC5 -Wa,-alh=.\CortexM3\ARM_GCC_493\Debug/cyfitter_cfg.lst -g -D DEBUG -Wall -ffunction-sections -Og -ffat-lto-objects -c Generated_Source\PSoC5\cyfitter_cfg.c -o .\CortexM3\ARM_GCC_493\Debug\cyfitter_cfg.o
arm-none-eabi-gcc.exe -mcpu=cortex-m3 -mthumb -I. -IGenerated_Source\PSoC5 -Wa,-alh=.\CortexM3\ARM_GCC_493\Debug/cymetadata.lst -g -D DEBUG -Wall -ffunction-sections -Og -ffat-lto-objects -c Generated_Source\PSoC5\cymetadata.c -o .\CortexM3\ARM_GCC_493\Debug\cymetadata.o
arm-none-eabi-gcc.exe -mcpu=cortex-m3 -mthumb -I. -IGenerated_Source\PSoC5 -Wa,-alh=.\CortexM3\ARM_GCC_493\Debug/Out_MAX232.lst -g -D DEBUG -Wall -ffunction-sections -Og -ffat-lto-objects -c Generated_Source\PSoC5\Out_MAX232.c -o .\CortexM3\ARM_GCC_493\Debug\Out_MAX232.o
arm-none-eabi-gcc.exe -mcpu=cortex-m3 -mthumb -I. -IGenerated_Source\PSoC5 -Wa,-alh=.\CortexM3\ARM_GCC_493\Debug/Out_MAX232_PM.lst -g -D DEBUG -Wall -ffunction-sections -Og -ffat-lto-objects -c Generated_Source\PSoC5\Out_MAX232_PM.c -o .\CortexM3\ARM_GCC_493\Debug\Out_MAX232_PM.o
arm-none-eabi-gcc.exe -mcpu=cortex-m3 -mthumb -I. -IGenerated_Source\PSoC5 -Wa,-alh=.\CortexM3\ARM_GCC_493\Debug/Clock_1.lst -g -D DEBUG -Wall -ffunction-sections -Og -ffat-lto-objects -c Generated_Source\PSoC5\Clock_1.c -o .\CortexM3\ARM_GCC_493\Debug\Clock_1.o
arm-none-eabi-gcc.exe -mcpu=cortex-m3 -mthumb -I. -IGenerated_Source\PSoC5 -Wa,-alh=.\CortexM3\ARM_GCC_493\Debug/Cm3Start.lst -g -D DEBUG -Wall -ffunction-sections -Og -ffat-lto-objects -c Generated_Source\PSoC5\Cm3Start.c -o .\CortexM3\ARM_GCC_493\Debug\Cm3Start.o
arm-none-eabi-gcc.exe -mcpu=cortex-m3 -mthumb -I. -IGenerated_Source\PSoC5 -Wa,-alh=.\CortexM3\ARM_GCC_493\Debug/CyDmac.lst -g -D DEBUG -Wall -ffunction-sections -Og -ffat-lto-objects -c Generated_Source\PSoC5\CyDmac.c -o .\CortexM3\ARM_GCC_493\Debug\CyDmac.o
arm-none-eabi-gcc.exe -mcpu=cortex-m3 -mthumb -I. -IGenerated_Source\PSoC5 -Wa,-alh=.\CortexM3\ARM_GCC_493\Debug/CyFlash.lst -g -D DEBUG -Wall -ffunction-sections -Og -ffat-lto-objects -c Generated_Source\PSoC5\CyFlash.c -o .\CortexM3\ARM_GCC_493\Debug\CyFlash.o
arm-none-eabi-gcc.exe -mcpu=cortex-m3 -mthumb -I. -IGenerated_Source\PSoC5 -Wa,-alh=.\CortexM3\ARM_GCC_493\Debug/CyLib.lst -g -D DEBUG -Wall -ffunction-sections -Og -ffat-lto-objects -c Generated_Source\PSoC5\CyLib.c -o .\CortexM3\ARM_GCC_493\Debug\CyLib.o
arm-none-eabi-gcc.exe -mcpu=cortex-m3 -mthumb -I. -IGenerated_Source\PSoC5 -Wa,-alh=.\CortexM3\ARM_GCC_493\Debug/cyPm.lst -g -D DEBUG -Wall -ffunction-sections -Og -ffat-lto-objects -c Generated_Source\PSoC5\cyPm.c -o .\CortexM3\ARM_GCC_493\Debug\cyPm.o
arm-none-eabi-gcc.exe -mcpu=cortex-m3 -mthumb -I. -IGenerated_Source\PSoC5 -Wa,-alh=.\CortexM3\ARM_GCC_493\Debug/CySpc.lst -g -D DEBUG -Wall -ffunction-sections -Og -ffat-lto-objects -c Generated_Source\PSoC5\CySpc.c -o .\CortexM3\ARM_GCC_493\Debug\CySpc.o
arm-none-eabi-gcc.exe -mcpu=cortex-m3 -mthumb -I. -IGenerated_Source\PSoC5 -Wa,-alh=.\CortexM3\ARM_GCC_493\Debug/cyutils.lst -g -D DEBUG -Wall -ffunction-sections -Og -ffat-lto-objects -c Generated_Source\PSoC5\cyutils.c -o .\CortexM3\ARM_GCC_493\Debug\cyutils.o
arm-none-eabi-gcc.exe -mcpu=cortex-m3 -mthumb -I. -IGenerated_Source\PSoC5 -Wa,-alh=.\CortexM3\ARM_GCC_493\Debug/TX1.lst -g -D DEBUG -Wall -ffunction-sections -Og -ffat-lto-objects -c Generated_Source\PSoC5\TX1.c -o .\CortexM3\ARM_GCC_493\Debug\TX1.o
arm-none-eabi-gcc.exe -mcpu=cortex-m3 -mthumb -I. -IGenerated_Source\PSoC5 -Wa,-alh=.\CortexM3\ARM_GCC_493\Debug/TX2.lst -g -D DEBUG -Wall -ffunction-sections -Og -ffat-lto-objects -c Generated_Source\PSoC5\TX2.c -o .\CortexM3\ARM_GCC_493\Debug\TX2.o
arm-none-eabi-gcc.exe -mcpu=cortex-m3 -mthumb -I. -IGenerated_Source\PSoC5 -Wa,-alh=.\CortexM3\ARM_GCC_493\Debug/RX.lst -g -D DEBUG -Wall -ffunction-sections -Og -ffat-lto-objects -c Generated_Source\PSoC5\RX.c -o .\CortexM3\ARM_GCC_493\Debug\RX.o
arm-none-eabi-gcc.exe -mcpu=cortex-m3 -mthumb -I. -IGenerated_Source\PSoC5 -Wa,-alh=.\CortexM3\ARM_GCC_493\Debug/Pre_Ampli.lst -g -D DEBUG -Wall -ffunction-sections -Og -ffat-lto-objects -c Generated_Source\PSoC5\Pre_Ampli.c -o .\CortexM3\ARM_GCC_493\Debug\Pre_Ampli.o
arm-none-eabi-gcc.exe -mcpu=cortex-m3 -mthumb -I. -IGenerated_Source\PSoC5 -Wa,-alh=.\CortexM3\ARM_GCC_493\Debug/Pre_Ampli_PM.lst -g -D DEBUG -Wall -ffunction-sections -Og -ffat-lto-objects -c Generated_Source\PSoC5\Pre_Ampli_PM.c -o .\CortexM3\ARM_GCC_493\Debug\Pre_Ampli_PM.o
arm-none-eabi-gcc.exe -mcpu=cortex-m3 -mthumb -I. -IGenerated_Source\PSoC5 -Wa,-alh=.\CortexM3\ARM_GCC_493\Debug/LCD.lst -g -D DEBUG -Wall -ffunction-sections -Og -ffat-lto-objects -c Generated_Source\PSoC5\LCD.c -o .\CortexM3\ARM_GCC_493\Debug\LCD.o
arm-none-eabi-gcc.exe -mcpu=cortex-m3 -mthumb -I. -IGenerated_Source\PSoC5 -Wa,-alh=.\CortexM3\ARM_GCC_493\Debug/LCD_PM.lst -g -D DEBUG -Wall -ffunction-sections -Og -ffat-lto-objects -c Generated_Source\PSoC5\LCD_PM.c -o .\CortexM3\ARM_GCC_493\Debug\LCD_PM.o
arm-none-eabi-gcc.exe -mcpu=cortex-m3 -mthumb -I. -IGenerated_Source\PSoC5 -Wa,-alh=.\CortexM3\ARM_GCC_493\Debug/LCD_LCDPort.lst -g -D DEBUG -Wall -ffunction-sections -Og -ffat-lto-objects -c Generated_Source\PSoC5\LCD_LCDPort.c -o .\CortexM3\ARM_GCC_493\Debug\LCD_LCDPort.o
arm-none-eabi-gcc.exe -mcpu=cortex-m3 -mthumb -I. -IGenerated_Source\PSoC5 -Wa,-alh=.\CortexM3\ARM_GCC_493\Debug/Timer_TX.lst -g -D DEBUG -Wall -ffunction-sections -Og -ffat-lto-objects -c Generated_Source\PSoC5\Timer_TX.c -o .\CortexM3\ARM_GCC_493\Debug\Timer_TX.o
arm-none-eabi-gcc.exe -mcpu=cortex-m3 -mthumb -I. -IGenerated_Source\PSoC5 -Wa,-alh=.\CortexM3\ARM_GCC_493\Debug/Timer_TX_PM.lst -g -D DEBUG -Wall -ffunction-sections -Og -ffat-lto-objects -c Generated_Source\PSoC5\Timer_TX_PM.c -o .\CortexM3\ARM_GCC_493\Debug\Timer_TX_PM.o
arm-none-eabi-gcc.exe -mcpu=cortex-m3 -mthumb -I. -IGenerated_Source\PSoC5 -Wa,-alh=.\CortexM3\ARM_GCC_493\Debug/Interrupt_TX.lst -g -D DEBUG -Wall -ffunction-sections -Og -ffat-lto-objects -c Generated_Source\PSoC5\Interrupt_TX.c -o .\CortexM3\ARM_GCC_493\Debug\Interrupt_TX.o
arm-none-eabi-gcc.exe -mcpu=cortex-m3 -mthumb -I. -IGenerated_Source\PSoC5 -Wa,-alh=.\CortexM3\ARM_GCC_493\Debug/Counter_Pulses.lst -g -D DEBUG -Wall -ffunction-sections -Og -ffat-lto-objects -c Generated_Source\PSoC5\Counter_Pulses.c -o .\CortexM3\ARM_GCC_493\Debug\Counter_Pulses.o
arm-none-eabi-gcc.exe -mcpu=cortex-m3 -mthumb -I. -IGenerated_Source\PSoC5 -Wa,-alh=.\CortexM3\ARM_GCC_493\Debug/Counter_Pulses_PM.lst -g -D DEBUG -Wall -ffunction-sections -Og -ffat-lto-objects -c Generated_Source\PSoC5\Counter_Pulses_PM.c -o .\CortexM3\ARM_GCC_493\Debug\Counter_Pulses_PM.o
arm-none-eabi-gcc.exe -mcpu=cortex-m3 -mthumb -I. -IGenerated_Source\PSoC5 -Wa,-alh=.\CortexM3\ARM_GCC_493\Debug/Comparator.lst -g -D DEBUG -Wall -ffunction-sections -Og -ffat-lto-objects -c Generated_Source\PSoC5\Comparator.c -o .\CortexM3\ARM_GCC_493\Debug\Comparator.o
arm-none-eabi-gcc.exe -mcpu=cortex-m3 -mthumb -I. -IGenerated_Source\PSoC5 -Wa,-alh=.\CortexM3\ARM_GCC_493\Debug/Comparator_PM.lst -g -D DEBUG -Wall -ffunction-sections -Og -ffat-lto-objects -c Generated_Source\PSoC5\Comparator_PM.c -o .\CortexM3\ARM_GCC_493\Debug\Comparator_PM.o
arm-none-eabi-gcc.exe -mcpu=cortex-m3 -mthumb -I. -IGenerated_Source\PSoC5 -Wa,-alh=.\CortexM3\ARM_GCC_493\Debug/Threshold.lst -g -D DEBUG -Wall -ffunction-sections -Og -ffat-lto-objects -c Generated_Source\PSoC5\Threshold.c -o .\CortexM3\ARM_GCC_493\Debug\Threshold.o
arm-none-eabi-gcc.exe -mcpu=cortex-m3 -mthumb -I. -IGenerated_Source\PSoC5 -Wa,-alh=.\CortexM3\ARM_GCC_493\Debug/Threshold_PM.lst -g -D DEBUG -Wall -ffunction-sections -Og -ffat-lto-objects -c Generated_Source\PSoC5\Threshold_PM.c -o .\CortexM3\ARM_GCC_493\Debug\Threshold_PM.o
arm-none-eabi-gcc.exe -mcpu=cortex-m3 -mthumb -I. -IGenerated_Source\PSoC5 -Wa,-alh=.\CortexM3\ARM_GCC_493\Debug/Interrupt_RX.lst -g -D DEBUG -Wall -ffunction-sections -Og -ffat-lto-objects -c Generated_Source\PSoC5\Interrupt_RX.c -o .\CortexM3\ARM_GCC_493\Debug\Interrupt_RX.o
arm-none-eabi-gcc.exe -mcpu=cortex-m3 -mthumb -I. -IGenerated_Source\PSoC5 -Wa,-alh=.\CortexM3\ARM_GCC_493\Debug/Chronometer.lst -g -D DEBUG -Wall -ffunction-sections -Og -ffat-lto-objects -c Generated_Source\PSoC5\Chronometer.c -o .\CortexM3\ARM_GCC_493\Debug\Chronometer.o
arm-none-eabi-gcc.exe -mcpu=cortex-m3 -mthumb -I. -IGenerated_Source\PSoC5 -Wa,-alh=.\CortexM3\ARM_GCC_493\Debug/Chronometer_PM.lst -g -D DEBUG -Wall -ffunction-sections -Og -ffat-lto-objects -c Generated_Source\PSoC5\Chronometer_PM.c -o .\CortexM3\ARM_GCC_493\Debug\Chronometer_PM.o
arm-none-eabi-gcc.exe -mcpu=cortex-m3 -mthumb -I. -IGenerated_Source\PSoC5 -Wa,-alh=.\CortexM3\ARM_GCC_493\Debug/Clk.lst -g -D DEBUG -Wall -ffunction-sections -Og -ffat-lto-objects -c Generated_Source\PSoC5\Clk.c -o .\CortexM3\ARM_GCC_493\Debug\Clk.o
arm-none-eabi-gcc.exe -mcpu=cortex-m3 -mthumb -I. -IGenerated_Source\PSoC5 -Wa,-alh=.\CortexM3\ARM_GCC_493\Debug/Test_Ampli.lst -g -D DEBUG -Wall -ffunction-sections -Og -ffat-lto-objects -c Generated_Source\PSoC5\Test_Ampli.c -o .\CortexM3\ARM_GCC_493\Debug\Test_Ampli.o
arm-none-eabi-gcc.exe -mcpu=cortex-m3 -mthumb -I. -IGenerated_Source\PSoC5 -Wa,-alh=.\CortexM3\ARM_GCC_493\Debug/LED3.lst -g -D DEBUG -Wall -ffunction-sections -Og -ffat-lto-objects -c Generated_Source\PSoC5\LED3.c -o .\CortexM3\ARM_GCC_493\Debug\LED3.o
arm-none-eabi-gcc.exe -mcpu=cortex-m3 -mthumb -I. -IGenerated_Source\PSoC5 -Wa,-alh=.\CortexM3\ARM_GCC_493\Debug/Clock_2.lst -g -D DEBUG -Wall -ffunction-sections -Og -ffat-lto-objects -c Generated_Source\PSoC5\Clock_2.c -o .\CortexM3\ARM_GCC_493\Debug\Clock_2.o
arm-none-eabi-gcc.exe -mcpu=cortex-m3 -mthumb -I. -IGenerated_Source\PSoC5 -Wa,-alh=.\CortexM3\ARM_GCC_493\Debug/XBee.lst -g -D DEBUG -Wall -ffunction-sections -Og -ffat-lto-objects -c Generated_Source\PSoC5\XBee.c -o .\CortexM3\ARM_GCC_493\Debug\XBee.o
arm-none-eabi-gcc.exe -mcpu=cortex-m3 -mthumb -I. -IGenerated_Source\PSoC5 -Wa,-alh=.\CortexM3\ARM_GCC_493\Debug/XBee_PM.lst -g -D DEBUG -Wall -ffunction-sections -Og -ffat-lto-objects -c Generated_Source\PSoC5\XBee_PM.c -o .\CortexM3\ARM_GCC_493\Debug\XBee_PM.o
arm-none-eabi-gcc.exe -mcpu=cortex-m3 -mthumb -I. -IGenerated_Source\PSoC5 -Wa,-alh=.\CortexM3\ARM_GCC_493\Debug/XBee_INT.lst -g -D DEBUG -Wall -ffunction-sections -Og -ffat-lto-objects -c Generated_Source\PSoC5\XBee_INT.c -o .\CortexM3\ARM_GCC_493\Debug\XBee_INT.o
arm-none-eabi-gcc.exe -mcpu=cortex-m3 -mthumb -I. -IGenerated_Source\PSoC5 -Wa,-alh=.\CortexM3\ARM_GCC_493\Debug/XBee_BOOT.lst -g -D DEBUG -Wall -ffunction-sections -Og -ffat-lto-objects -c Generated_Source\PSoC5\XBee_BOOT.c -o .\CortexM3\ARM_GCC_493\Debug\XBee_BOOT.o
arm-none-eabi-gcc.exe -mcpu=cortex-m3 -mthumb -I. -IGenerated_Source\PSoC5 -Wa,-alh=.\CortexM3\ARM_GCC_493\Debug/Rotation_Register.lst -g -D DEBUG -Wall -ffunction-sections -Og -ffat-lto-objects -c Generated_Source\PSoC5\Rotation_Register.c -o .\CortexM3\ARM_GCC_493\Debug\Rotation_Register.o
arm-none-eabi-gcc.exe -mcpu=cortex-m3 -mthumb -I. -IGenerated_Source\PSoC5 -Wa,-alh=.\CortexM3\ARM_GCC_493\Debug/Rotation_Register_PM.lst -g -D DEBUG -Wall -ffunction-sections -Og -ffat-lto-objects -c Generated_Source\PSoC5\Rotation_Register_PM.c -o .\CortexM3\ARM_GCC_493\Debug\Rotation_Register_PM.o
arm-none-eabi-gcc.exe -mcpu=cortex-m3 -mthumb -I. -IGenerated_Source\PSoC5 -Wa,-alh=.\CortexM3\ARM_GCC_493\Debug/PWM_Front.lst -g -D DEBUG -Wall -ffunction-sections -Og -ffat-lto-objects -c Generated_Source\PSoC5\PWM_Front.c -o .\CortexM3\ARM_GCC_493\Debug\PWM_Front.o
arm-none-eabi-gcc.exe -mcpu=cortex-m3 -mthumb -I. -IGenerated_Source\PSoC5 -Wa,-alh=.\CortexM3\ARM_GCC_493\Debug/PWM_Front_PM.lst -g -D DEBUG -Wall -ffunction-sections -Og -ffat-lto-objects -c Generated_Source\PSoC5\PWM_Front_PM.c -o .\CortexM3\ARM_GCC_493\Debug\PWM_Front_PM.o
arm-none-eabi-gcc.exe -mcpu=cortex-m3 -mthumb -I. -IGenerated_Source\PSoC5 -Wa,-alh=.\CortexM3\ARM_GCC_493\Debug/PWM_Back.lst -g -D DEBUG -Wall -ffunction-sections -Og -ffat-lto-objects -c Generated_Source\PSoC5\PWM_Back.c -o .\CortexM3\ARM_GCC_493\Debug\PWM_Back.o
arm-none-eabi-gcc.exe -mcpu=cortex-m3 -mthumb -I. -IGenerated_Source\PSoC5 -Wa,-alh=.\CortexM3\ARM_GCC_493\Debug/PWM_Back_PM.lst -g -D DEBUG -Wall -ffunction-sections -Og -ffat-lto-objects -c Generated_Source\PSoC5\PWM_Back_PM.c -o .\CortexM3\ARM_GCC_493\Debug\PWM_Back_PM.o
arm-none-eabi-gcc.exe -mcpu=cortex-m3 -mthumb -I. -IGenerated_Source\PSoC5 -Wa,-alh=.\CortexM3\ARM_GCC_493\Debug/XBee_IntClock.lst -g -D DEBUG -Wall -ffunction-sections -Og -ffat-lto-objects -c Generated_Source\PSoC5\XBee_IntClock.c -o .\CortexM3\ARM_GCC_493\Debug\XBee_IntClock.o
arm-none-eabi-gcc.exe -mcpu=cortex-m3 -mthumb -I. -IGenerated_Source\PSoC5 -Wa,-alh=.\CortexM3\ARM_GCC_493\Debug/PWM_Front_Left.lst -g -D DEBUG -Wall -ffunction-sections -Og -ffat-lto-objects -c Generated_Source\PSoC5\PWM_Front_Left.c -o .\CortexM3\ARM_GCC_493\Debug\PWM_Front_Left.o
arm-none-eabi-gcc.exe -mcpu=cortex-m3 -mthumb -I. -IGenerated_Source\PSoC5 -Wa,-alh=.\CortexM3\ARM_GCC_493\Debug/PWM_Front_Right.lst -g -D DEBUG -Wall -ffunction-sections -Og -ffat-lto-objects -c Generated_Source\PSoC5\PWM_Front_Right.c -o .\CortexM3\ARM_GCC_493\Debug\PWM_Front_Right.o
arm-none-eabi-gcc.exe -mcpu=cortex-m3 -mthumb -I. -IGenerated_Source\PSoC5 -Wa,-alh=.\CortexM3\ARM_GCC_493\Debug/PWM_Back_Left.lst -g -D DEBUG -Wall -ffunction-sections -Og -ffat-lto-objects -c Generated_Source\PSoC5\PWM_Back_Left.c -o .\CortexM3\ARM_GCC_493\Debug\PWM_Back_Left.o
arm-none-eabi-gcc.exe -mcpu=cortex-m3 -mthumb -I. -IGenerated_Source\PSoC5 -Wa,-alh=.\CortexM3\ARM_GCC_493\Debug/PWM_Back_Right.lst -g -D DEBUG -Wall -ffunction-sections -Og -ffat-lto-objects -c Generated_Source\PSoC5\PWM_Back_Right.c -o .\CortexM3\ARM_GCC_493\Debug\PWM_Back_Right.o
arm-none-eabi-gcc.exe -mcpu=cortex-m3 -mthumb -I. -IGenerated_Source\PSoC5 -Wa,-alh=.\CortexM3\ARM_GCC_493\Debug/InhB_Front_Right.lst -g -D DEBUG -Wall -ffunction-sections -Og -ffat-lto-objects -c Generated_Source\PSoC5\InhB_Front_Right.c -o .\CortexM3\ARM_GCC_493\Debug\InhB_Front_Right.o
arm-none-eabi-gcc.exe -mcpu=cortex-m3 -mthumb -I. -IGenerated_Source\PSoC5 -Wa,-alh=.\CortexM3\ARM_GCC_493\Debug/InhA_Front_Right.lst -g -D DEBUG -Wall -ffunction-sections -Og -ffat-lto-objects -c Generated_Source\PSoC5\InhA_Front_Right.c -o .\CortexM3\ARM_GCC_493\Debug\InhA_Front_Right.o
arm-none-eabi-gcc.exe -mcpu=cortex-m3 -mthumb -I. -IGenerated_Source\PSoC5 -Wa,-alh=.\CortexM3\ARM_GCC_493\Debug/InhB_Back_Right.lst -g -D DEBUG -Wall -ffunction-sections -Og -ffat-lto-objects -c Generated_Source\PSoC5\InhB_Back_Right.c -o .\CortexM3\ARM_GCC_493\Debug\InhB_Back_Right.o
arm-none-eabi-gcc.exe -mcpu=cortex-m3 -mthumb -I. -IGenerated_Source\PSoC5 -Wa,-alh=.\CortexM3\ARM_GCC_493\Debug/InhA_Back_Right.lst -g -D DEBUG -Wall -ffunction-sections -Og -ffat-lto-objects -c Generated_Source\PSoC5\InhA_Back_Right.c -o .\CortexM3\ARM_GCC_493\Debug\InhA_Back_Right.o
arm-none-eabi-gcc.exe -mcpu=cortex-m3 -mthumb -I. -IGenerated_Source\PSoC5 -Wa,-alh=.\CortexM3\ARM_GCC_493\Debug/InhB_Back_Left.lst -g -D DEBUG -Wall -ffunction-sections -Og -ffat-lto-objects -c Generated_Source\PSoC5\InhB_Back_Left.c -o .\CortexM3\ARM_GCC_493\Debug\InhB_Back_Left.o
arm-none-eabi-gcc.exe -mcpu=cortex-m3 -mthumb -I. -IGenerated_Source\PSoC5 -Wa,-alh=.\CortexM3\ARM_GCC_493\Debug/InhA_Back_Left.lst -g -D DEBUG -Wall -ffunction-sections -Og -ffat-lto-objects -c Generated_Source\PSoC5\InhA_Back_Left.c -o .\CortexM3\ARM_GCC_493\Debug\InhA_Back_Left.o
arm-none-eabi-gcc.exe -mcpu=cortex-m3 -mthumb -I. -IGenerated_Source\PSoC5 -Wa,-alh=.\CortexM3\ARM_GCC_493\Debug/InhB_Front_Left.lst -g -D DEBUG -Wall -ffunction-sections -Og -ffat-lto-objects -c Generated_Source\PSoC5\InhB_Front_Left.c -o .\CortexM3\ARM_GCC_493\Debug\InhB_Front_Left.o
arm-none-eabi-gcc.exe -mcpu=cortex-m3 -mthumb -I. -IGenerated_Source\PSoC5 -Wa,-alh=.\CortexM3\ARM_GCC_493\Debug/InhA_Front_Left.lst -g -D DEBUG -Wall -ffunction-sections -Og -ffat-lto-objects -c Generated_Source\PSoC5\InhA_Front_Left.c -o .\CortexM3\ARM_GCC_493\Debug\InhA_Front_Left.o
arm-none-eabi-gcc.exe -mcpu=cortex-m3 -mthumb -I. -IGenerated_Source\PSoC5 -Wa,-alh=.\CortexM3\ARM_GCC_493\Debug/Interrupt_Xbee.lst -g -D DEBUG -Wall -ffunction-sections -Og -ffat-lto-objects -c Generated_Source\PSoC5\Interrupt_Xbee.c -o .\CortexM3\ARM_GCC_493\Debug\Interrupt_Xbee.o
arm-none-eabi-as.exe -mcpu=cortex-m3 -mthumb -I. -IGenerated_Source\PSoC5 -alh=.\CortexM3\ARM_GCC_493\Debug/CyBootAsmGnu.lst -g -W -o .\CortexM3\ARM_GCC_493\Debug\CyBootAsmGnu.o Generated_Source\PSoC5\CyBootAsmGnu.s
arm-none-eabi-ar.exe -rs .\CortexM3\ARM_GCC_493\Debug\Ultrasonic_Distance_Meter.a .\CortexM3\ARM_GCC_493\Debug\cyfitter_cfg.o .\CortexM3\ARM_GCC_493\Debug\Out_MAX232.o .\CortexM3\ARM_GCC_493\Debug\Out_MAX232_PM.o .\CortexM3\ARM_GCC_493\Debug\Clock_1.o .\CortexM3\ARM_GCC_493\Debug\CyDmac.o .\CortexM3\ARM_GCC_493\Debug\CyFlash.o .\CortexM3\ARM_GCC_493\Debug\CyLib.o .\CortexM3\ARM_GCC_493\Debug\cyPm.o .\CortexM3\ARM_GCC_493\Debug\CySpc.o .\CortexM3\ARM_GCC_493\Debug\cyutils.o .\CortexM3\ARM_GCC_493\Debug\TX1.o .\CortexM3\ARM_GCC_493\Debug\TX2.o .\CortexM3\ARM_GCC_493\Debug\RX.o .\CortexM3\ARM_GCC_493\Debug\Pre_Ampli.o .\CortexM3\ARM_GCC_493\Debug\Pre_Ampli_PM.o .\CortexM3\ARM_GCC_493\Debug\LCD.o .\CortexM3\ARM_GCC_493\Debug\LCD_PM.o .\CortexM3\ARM_GCC_493\Debug\LCD_LCDPort.o .\CortexM3\ARM_GCC_493\Debug\Timer_TX.o .\CortexM3\ARM_GCC_493\Debug\Timer_TX_PM.o .\CortexM3\ARM_GCC_493\Debug\Interrupt_TX.o .\CortexM3\ARM_GCC_493\Debug\Counter_Pulses.o .\CortexM3\ARM_GCC_493\Debug\Counter_Pulses_PM.o .\CortexM3\ARM_GCC_493\Debug\Comparator.o .\CortexM3\ARM_GCC_493\Debug\Comparator_PM.o .\CortexM3\ARM_GCC_493\Debug\Threshold.o .\CortexM3\ARM_GCC_493\Debug\Threshold_PM.o .\CortexM3\ARM_GCC_493\Debug\Interrupt_RX.o .\CortexM3\ARM_GCC_493\Debug\Chronometer.o .\CortexM3\ARM_GCC_493\Debug\Chronometer_PM.o .\CortexM3\ARM_GCC_493\Debug\Clk.o .\CortexM3\ARM_GCC_493\Debug\Test_Ampli.o .\CortexM3\ARM_GCC_493\Debug\LED3.o .\CortexM3\ARM_GCC_493\Debug\Clock_2.o .\CortexM3\ARM_GCC_493\Debug\XBee.o .\CortexM3\ARM_GCC_493\Debug\XBee_PM.o .\CortexM3\ARM_GCC_493\Debug\XBee_INT.o .\CortexM3\ARM_GCC_493\Debug\XBee_BOOT.o .\CortexM3\ARM_GCC_493\Debug\Rotation_Register.o .\CortexM3\ARM_GCC_493\Debug\Rotation_Register_PM.o .\CortexM3\ARM_GCC_493\Debug\PWM_Front.o .\CortexM3\ARM_GCC_493\Debug\PWM_Front_PM.o .\CortexM3\ARM_GCC_493\Debug\PWM_Back.o .\CortexM3\ARM_GCC_493\Debug\PWM_Back_PM.o .\CortexM3\ARM_GCC_493\Debug\XBee_IntClock.o .\CortexM3\ARM_GCC_493\Debug\PWM_Front_Left.o .\CortexM3\ARM_GCC_493\Debug\PWM_Front_Right.o .\CortexM3\ARM_GCC_493\Debug\PWM_Back_Left.o .\CortexM3\ARM_GCC_493\Debug\PWM_Back_Right.o .\CortexM3\ARM_GCC_493\Debug\InhB_Front_Right.o .\CortexM3\ARM_GCC_493\Debug\InhA_Front_Right.o .\CortexM3\ARM_GCC_493\Debug\InhB_Back_Right.o .\CortexM3\ARM_GCC_493\Debug\InhA_Back_Right.o .\CortexM3\ARM_GCC_493\Debug\InhB_Back_Left.o .\CortexM3\ARM_GCC_493\Debug\InhA_Back_Left.o .\CortexM3\ARM_GCC_493\Debug\InhB_Front_Left.o .\CortexM3\ARM_GCC_493\Debug\InhA_Front_Left.o .\CortexM3\ARM_GCC_493\Debug\Interrupt_Xbee.o .\CortexM3\ARM_GCC_493\Debug\CyBootAsmGnu.o
arm-none-eabi-ar.exe: creating .\CortexM3\ARM_GCC_493\Debug\Ultrasonic_Distance_Meter.a
arm-none-eabi-gcc.exe -Wl,--start-group -o .\CortexM3\ARM_GCC_493\Debug\Ultrasonic_Distance_Meter.elf .\CortexM3\ARM_GCC_493\Debug\main.o .\CortexM3\ARM_GCC_493\Debug\cymetadata.o .\CortexM3\ARM_GCC_493\Debug\Cm3Start.o .\CortexM3\ARM_GCC_493\Debug\Ultrasonic_Distance_Meter.a "C:\Program Files (x86)\Cypress\PSoC Creator\4.0\PSoC Creator\psoc\content\cycomponentlibrary\CyComponentLibrary.cylib\CortexM3\ARM_GCC_493\Debug\CyComponentLibrary.a" -mcpu=cortex-m3 -mthumb -g -ffunction-sections -Og -ffat-lto-objects -l m -L Generated_Source\PSoC5 -Wl,-Map,.\CortexM3\ARM_GCC_493\Debug/Ultrasonic_Distance_Meter.map -T "C:\Users\Ludovic\Documents\PSoC Creator\BE_PSoC\Ultrasonic_Distance_Meter.cydsn\Generated_Source\PSoC5\cm3gcc.ld" -specs=nano.specs -Wl,--gc-sections -Wl,--end-group
cyelftool.exe -C "C:\Users\Ludovic\Documents\PSoC Creator\BE_PSoC\Ultrasonic_Distance_Meter.cydsn\CortexM3\ARM_GCC_493\Debug\Ultrasonic_Distance_Meter.elf" --flash_row_size 256 --flash_size 262144
cyelftool.exe -S "C:\Users\Ludovic\Documents\PSoC Creator\BE_PSoC\Ultrasonic_Distance_Meter.cydsn\CortexM3\ARM_GCC_493\Debug\Ultrasonic_Distance_Meter.elf"
Flash used: 14772 of 262144 bytes (5,6 %).
SRAM used: 2677 of 65536 bytes (4,1 %). Stack: 2048 bytes. Heap: 128 bytes.
--------------- Rebuild Succeeded: 01/21/2017 17:55:34 ---------------
