ARM GAS  C:\Users\Ludovic\AppData\Local\Temp\ccKUSJB4.s 			page 1


   1              		.syntax unified
   2              		.cpu cortex-m3
   3              		.fpu softvfp
   4              		.eabi_attribute 20, 1
   5              		.eabi_attribute 21, 1
   6              		.eabi_attribute 23, 3
   7              		.eabi_attribute 24, 1
   8              		.eabi_attribute 25, 1
   9              		.eabi_attribute 26, 1
  10              		.eabi_attribute 30, 1
  11              		.eabi_attribute 34, 1
  12              		.eabi_attribute 18, 4
  13              		.thumb
  14              		.file	"Threshold.c"
  15              		.text
  16              	.Ltext0:
  17              		.cfi_sections	.debug_frame
  18              		.section	.text.Threshold_Enable,"ax",%progbits
  19              		.align	2
  20              		.global	Threshold_Enable
  21              		.thumb
  22              		.thumb_func
  23              		.type	Threshold_Enable, %function
  24              	Threshold_Enable:
  25              	.LFB1:
  26              		.file 1 "Generated_Source\\PSoC5\\Threshold.c"
   1:Generated_Source\PSoC5/Threshold.c **** /*******************************************************************************
   2:Generated_Source\PSoC5/Threshold.c **** * File Name: Threshold.c  
   3:Generated_Source\PSoC5/Threshold.c **** * Version 1.90
   4:Generated_Source\PSoC5/Threshold.c **** *
   5:Generated_Source\PSoC5/Threshold.c **** * Description:
   6:Generated_Source\PSoC5/Threshold.c **** *  This file provides the source code to the API for the 8-bit Voltage DAC 
   7:Generated_Source\PSoC5/Threshold.c **** *  (VDAC8) User Module.
   8:Generated_Source\PSoC5/Threshold.c **** *
   9:Generated_Source\PSoC5/Threshold.c **** * Note:
  10:Generated_Source\PSoC5/Threshold.c **** *  Any unusual or non-standard behavior should be noted here. Other-
  11:Generated_Source\PSoC5/Threshold.c **** *  wise, this section should remain blank.
  12:Generated_Source\PSoC5/Threshold.c **** *
  13:Generated_Source\PSoC5/Threshold.c **** ********************************************************************************
  14:Generated_Source\PSoC5/Threshold.c **** * Copyright 2008-2012, Cypress Semiconductor Corporation.  All rights reserved.
  15:Generated_Source\PSoC5/Threshold.c **** * You may use this file only in accordance with the license, terms, conditions, 
  16:Generated_Source\PSoC5/Threshold.c **** * disclaimers, and limitations in the end user license agreement accompanying 
  17:Generated_Source\PSoC5/Threshold.c **** * the software package with which this file was provided.
  18:Generated_Source\PSoC5/Threshold.c **** *******************************************************************************/
  19:Generated_Source\PSoC5/Threshold.c **** 
  20:Generated_Source\PSoC5/Threshold.c **** #include "cytypes.h"
  21:Generated_Source\PSoC5/Threshold.c **** #include "Threshold.h"
  22:Generated_Source\PSoC5/Threshold.c **** 
  23:Generated_Source\PSoC5/Threshold.c **** #if (CY_PSOC5A)
  24:Generated_Source\PSoC5/Threshold.c **** #include <CyLib.h>
  25:Generated_Source\PSoC5/Threshold.c **** #endif /* CY_PSOC5A */
  26:Generated_Source\PSoC5/Threshold.c **** 
  27:Generated_Source\PSoC5/Threshold.c **** uint8 Threshold_initVar = 0u;
  28:Generated_Source\PSoC5/Threshold.c **** 
  29:Generated_Source\PSoC5/Threshold.c **** #if (CY_PSOC5A)
  30:Generated_Source\PSoC5/Threshold.c ****     static uint8 Threshold_restoreVal = 0u;
  31:Generated_Source\PSoC5/Threshold.c **** #endif /* CY_PSOC5A */
ARM GAS  C:\Users\Ludovic\AppData\Local\Temp\ccKUSJB4.s 			page 2


  32:Generated_Source\PSoC5/Threshold.c **** 
  33:Generated_Source\PSoC5/Threshold.c **** #if (CY_PSOC5A)
  34:Generated_Source\PSoC5/Threshold.c ****     static Threshold_backupStruct Threshold_backup;
  35:Generated_Source\PSoC5/Threshold.c **** #endif /* CY_PSOC5A */
  36:Generated_Source\PSoC5/Threshold.c **** 
  37:Generated_Source\PSoC5/Threshold.c **** 
  38:Generated_Source\PSoC5/Threshold.c **** /*******************************************************************************
  39:Generated_Source\PSoC5/Threshold.c **** * Function Name: Threshold_Init
  40:Generated_Source\PSoC5/Threshold.c **** ********************************************************************************
  41:Generated_Source\PSoC5/Threshold.c **** * Summary:
  42:Generated_Source\PSoC5/Threshold.c **** *  Initialize to the schematic state.
  43:Generated_Source\PSoC5/Threshold.c **** * 
  44:Generated_Source\PSoC5/Threshold.c **** * Parameters:
  45:Generated_Source\PSoC5/Threshold.c **** *  void:
  46:Generated_Source\PSoC5/Threshold.c **** *
  47:Generated_Source\PSoC5/Threshold.c **** * Return:
  48:Generated_Source\PSoC5/Threshold.c **** *  void
  49:Generated_Source\PSoC5/Threshold.c **** *
  50:Generated_Source\PSoC5/Threshold.c **** * Theory:
  51:Generated_Source\PSoC5/Threshold.c **** *
  52:Generated_Source\PSoC5/Threshold.c **** * Side Effects:
  53:Generated_Source\PSoC5/Threshold.c **** *
  54:Generated_Source\PSoC5/Threshold.c **** *******************************************************************************/
  55:Generated_Source\PSoC5/Threshold.c **** void Threshold_Init(void) 
  56:Generated_Source\PSoC5/Threshold.c **** {
  57:Generated_Source\PSoC5/Threshold.c ****     Threshold_CR0 = (Threshold_MODE_V );
  58:Generated_Source\PSoC5/Threshold.c **** 
  59:Generated_Source\PSoC5/Threshold.c ****     /* Set default data source */
  60:Generated_Source\PSoC5/Threshold.c ****     #if(Threshold_DEFAULT_DATA_SRC != 0 )
  61:Generated_Source\PSoC5/Threshold.c ****         Threshold_CR1 = (Threshold_DEFAULT_CNTL | Threshold_DACBUS_ENABLE) ;
  62:Generated_Source\PSoC5/Threshold.c ****     #else
  63:Generated_Source\PSoC5/Threshold.c ****         Threshold_CR1 = (Threshold_DEFAULT_CNTL | Threshold_DACBUS_DISABLE) ;
  64:Generated_Source\PSoC5/Threshold.c ****     #endif /* (Threshold_DEFAULT_DATA_SRC != 0 ) */
  65:Generated_Source\PSoC5/Threshold.c **** 
  66:Generated_Source\PSoC5/Threshold.c ****     /* Set default strobe mode */
  67:Generated_Source\PSoC5/Threshold.c ****     #if(Threshold_DEFAULT_STRB != 0)
  68:Generated_Source\PSoC5/Threshold.c ****         Threshold_Strobe |= Threshold_STRB_EN ;
  69:Generated_Source\PSoC5/Threshold.c ****     #endif/* (Threshold_DEFAULT_STRB != 0) */
  70:Generated_Source\PSoC5/Threshold.c **** 
  71:Generated_Source\PSoC5/Threshold.c ****     /* Set default range */
  72:Generated_Source\PSoC5/Threshold.c ****     Threshold_SetRange(Threshold_DEFAULT_RANGE); 
  73:Generated_Source\PSoC5/Threshold.c **** 
  74:Generated_Source\PSoC5/Threshold.c ****     /* Set default speed */
  75:Generated_Source\PSoC5/Threshold.c ****     Threshold_SetSpeed(Threshold_DEFAULT_SPEED);
  76:Generated_Source\PSoC5/Threshold.c **** }
  77:Generated_Source\PSoC5/Threshold.c **** 
  78:Generated_Source\PSoC5/Threshold.c **** 
  79:Generated_Source\PSoC5/Threshold.c **** /*******************************************************************************
  80:Generated_Source\PSoC5/Threshold.c **** * Function Name: Threshold_Enable
  81:Generated_Source\PSoC5/Threshold.c **** ********************************************************************************
  82:Generated_Source\PSoC5/Threshold.c **** * Summary:
  83:Generated_Source\PSoC5/Threshold.c **** *  Enable the VDAC8
  84:Generated_Source\PSoC5/Threshold.c **** * 
  85:Generated_Source\PSoC5/Threshold.c **** * Parameters:
  86:Generated_Source\PSoC5/Threshold.c **** *  void
  87:Generated_Source\PSoC5/Threshold.c **** *
  88:Generated_Source\PSoC5/Threshold.c **** * Return:
ARM GAS  C:\Users\Ludovic\AppData\Local\Temp\ccKUSJB4.s 			page 3


  89:Generated_Source\PSoC5/Threshold.c **** *  void
  90:Generated_Source\PSoC5/Threshold.c **** *
  91:Generated_Source\PSoC5/Threshold.c **** * Theory:
  92:Generated_Source\PSoC5/Threshold.c **** *
  93:Generated_Source\PSoC5/Threshold.c **** * Side Effects:
  94:Generated_Source\PSoC5/Threshold.c **** *
  95:Generated_Source\PSoC5/Threshold.c **** *******************************************************************************/
  96:Generated_Source\PSoC5/Threshold.c **** void Threshold_Enable(void) 
  97:Generated_Source\PSoC5/Threshold.c **** {
  27              		.loc 1 97 0
  28              		.cfi_startproc
  29              		@ args = 0, pretend = 0, frame = 0
  30              		@ frame_needed = 0, uses_anonymous_args = 0
  31              		@ link register save eliminated.
  98:Generated_Source\PSoC5/Threshold.c ****     Threshold_PWRMGR |= Threshold_ACT_PWR_EN;
  32              		.loc 1 98 0
  33 0000 054A     		ldr	r2, .L2
  34 0002 1378     		ldrb	r3, [r2]	@ zero_extendqisi2
  35 0004 43F00403 		orr	r3, r3, #4
  36 0008 1370     		strb	r3, [r2]
  99:Generated_Source\PSoC5/Threshold.c ****     Threshold_STBY_PWRMGR |= Threshold_STBY_PWR_EN;
  37              		.loc 1 99 0
  38 000a 1032     		adds	r2, r2, #16
  39 000c 1378     		ldrb	r3, [r2]	@ zero_extendqisi2
  40 000e 43F00403 		orr	r3, r3, #4
  41 0012 1370     		strb	r3, [r2]
  42 0014 7047     		bx	lr
  43              	.L3:
  44 0016 00BF     		.align	2
  45              	.L2:
  46 0018 A8430040 		.word	1073759144
  47              		.cfi_endproc
  48              	.LFE1:
  49              		.size	Threshold_Enable, .-Threshold_Enable
  50              		.section	.text.Threshold_Stop,"ax",%progbits
  51              		.align	2
  52              		.global	Threshold_Stop
  53              		.thumb
  54              		.thumb_func
  55              		.type	Threshold_Stop, %function
  56              	Threshold_Stop:
  57              	.LFB3:
 100:Generated_Source\PSoC5/Threshold.c **** 
 101:Generated_Source\PSoC5/Threshold.c ****     /*This is to restore the value of register CR0 ,
 102:Generated_Source\PSoC5/Threshold.c ****     which is modified  in Stop API , this prevents misbehaviour of VDAC */
 103:Generated_Source\PSoC5/Threshold.c ****     #if (CY_PSOC5A)
 104:Generated_Source\PSoC5/Threshold.c ****         if(Threshold_restoreVal == 1u) 
 105:Generated_Source\PSoC5/Threshold.c ****         {
 106:Generated_Source\PSoC5/Threshold.c ****              Threshold_CR0 = Threshold_backup.data_value;
 107:Generated_Source\PSoC5/Threshold.c ****              Threshold_restoreVal = 0u;
 108:Generated_Source\PSoC5/Threshold.c ****         }
 109:Generated_Source\PSoC5/Threshold.c ****     #endif /* CY_PSOC5A */
 110:Generated_Source\PSoC5/Threshold.c **** }
 111:Generated_Source\PSoC5/Threshold.c **** 
 112:Generated_Source\PSoC5/Threshold.c **** 
 113:Generated_Source\PSoC5/Threshold.c **** /*******************************************************************************
 114:Generated_Source\PSoC5/Threshold.c **** * Function Name: Threshold_Start
ARM GAS  C:\Users\Ludovic\AppData\Local\Temp\ccKUSJB4.s 			page 4


 115:Generated_Source\PSoC5/Threshold.c **** ********************************************************************************
 116:Generated_Source\PSoC5/Threshold.c **** *
 117:Generated_Source\PSoC5/Threshold.c **** * Summary:
 118:Generated_Source\PSoC5/Threshold.c **** *  The start function initializes the voltage DAC with the default values, 
 119:Generated_Source\PSoC5/Threshold.c **** *  and sets the power to the given level.  A power level of 0, is the same as
 120:Generated_Source\PSoC5/Threshold.c **** *  executing the stop function.
 121:Generated_Source\PSoC5/Threshold.c **** *
 122:Generated_Source\PSoC5/Threshold.c **** * Parameters:
 123:Generated_Source\PSoC5/Threshold.c **** *  Power: Sets power level between off (0) and (3) high power
 124:Generated_Source\PSoC5/Threshold.c **** *
 125:Generated_Source\PSoC5/Threshold.c **** * Return:
 126:Generated_Source\PSoC5/Threshold.c **** *  void 
 127:Generated_Source\PSoC5/Threshold.c **** *
 128:Generated_Source\PSoC5/Threshold.c **** * Global variables:
 129:Generated_Source\PSoC5/Threshold.c **** *  Threshold_initVar: Is modified when this function is called for the 
 130:Generated_Source\PSoC5/Threshold.c **** *  first time. Is used to ensure that initialization happens only once.
 131:Generated_Source\PSoC5/Threshold.c **** *
 132:Generated_Source\PSoC5/Threshold.c **** *******************************************************************************/
 133:Generated_Source\PSoC5/Threshold.c **** void Threshold_Start(void)  
 134:Generated_Source\PSoC5/Threshold.c **** {
 135:Generated_Source\PSoC5/Threshold.c ****     /* Hardware initiazation only needs to occure the first time */
 136:Generated_Source\PSoC5/Threshold.c ****     if(Threshold_initVar == 0u)
 137:Generated_Source\PSoC5/Threshold.c ****     { 
 138:Generated_Source\PSoC5/Threshold.c ****         Threshold_Init();
 139:Generated_Source\PSoC5/Threshold.c ****         Threshold_initVar = 1u;
 140:Generated_Source\PSoC5/Threshold.c ****     }
 141:Generated_Source\PSoC5/Threshold.c **** 
 142:Generated_Source\PSoC5/Threshold.c ****     /* Enable power to DAC */
 143:Generated_Source\PSoC5/Threshold.c ****     Threshold_Enable();
 144:Generated_Source\PSoC5/Threshold.c **** 
 145:Generated_Source\PSoC5/Threshold.c ****     /* Set default value */
 146:Generated_Source\PSoC5/Threshold.c ****     Threshold_SetValue(Threshold_DEFAULT_DATA); 
 147:Generated_Source\PSoC5/Threshold.c **** }
 148:Generated_Source\PSoC5/Threshold.c **** 
 149:Generated_Source\PSoC5/Threshold.c **** 
 150:Generated_Source\PSoC5/Threshold.c **** /*******************************************************************************
 151:Generated_Source\PSoC5/Threshold.c **** * Function Name: Threshold_Stop
 152:Generated_Source\PSoC5/Threshold.c **** ********************************************************************************
 153:Generated_Source\PSoC5/Threshold.c **** *
 154:Generated_Source\PSoC5/Threshold.c **** * Summary:
 155:Generated_Source\PSoC5/Threshold.c **** *  Powers down DAC to lowest power state.
 156:Generated_Source\PSoC5/Threshold.c **** *
 157:Generated_Source\PSoC5/Threshold.c **** * Parameters:
 158:Generated_Source\PSoC5/Threshold.c **** *  void
 159:Generated_Source\PSoC5/Threshold.c **** *
 160:Generated_Source\PSoC5/Threshold.c **** * Return:
 161:Generated_Source\PSoC5/Threshold.c **** *  void
 162:Generated_Source\PSoC5/Threshold.c **** *
 163:Generated_Source\PSoC5/Threshold.c **** * Theory:
 164:Generated_Source\PSoC5/Threshold.c **** *
 165:Generated_Source\PSoC5/Threshold.c **** * Side Effects:
 166:Generated_Source\PSoC5/Threshold.c **** *
 167:Generated_Source\PSoC5/Threshold.c **** *******************************************************************************/
 168:Generated_Source\PSoC5/Threshold.c **** void Threshold_Stop(void) 
 169:Generated_Source\PSoC5/Threshold.c **** {
  58              		.loc 1 169 0
  59              		.cfi_startproc
ARM GAS  C:\Users\Ludovic\AppData\Local\Temp\ccKUSJB4.s 			page 5


  60              		@ args = 0, pretend = 0, frame = 0
  61              		@ frame_needed = 0, uses_anonymous_args = 0
  62              		@ link register save eliminated.
 170:Generated_Source\PSoC5/Threshold.c ****     /* Disble power to DAC */
 171:Generated_Source\PSoC5/Threshold.c ****     Threshold_PWRMGR &= (uint8)(~Threshold_ACT_PWR_EN);
  63              		.loc 1 171 0
  64 0000 054A     		ldr	r2, .L5
  65 0002 1378     		ldrb	r3, [r2]	@ zero_extendqisi2
  66 0004 03F0FB03 		and	r3, r3, #251
  67 0008 1370     		strb	r3, [r2]
 172:Generated_Source\PSoC5/Threshold.c ****     Threshold_STBY_PWRMGR &= (uint8)(~Threshold_STBY_PWR_EN);
  68              		.loc 1 172 0
  69 000a 1032     		adds	r2, r2, #16
  70 000c 1378     		ldrb	r3, [r2]	@ zero_extendqisi2
  71 000e 03F0FB03 		and	r3, r3, #251
  72 0012 1370     		strb	r3, [r2]
  73 0014 7047     		bx	lr
  74              	.L6:
  75 0016 00BF     		.align	2
  76              	.L5:
  77 0018 A8430040 		.word	1073759144
  78              		.cfi_endproc
  79              	.LFE3:
  80              		.size	Threshold_Stop, .-Threshold_Stop
  81              		.section	.text.Threshold_SetSpeed,"ax",%progbits
  82              		.align	2
  83              		.global	Threshold_SetSpeed
  84              		.thumb
  85              		.thumb_func
  86              		.type	Threshold_SetSpeed, %function
  87              	Threshold_SetSpeed:
  88              	.LFB4:
 173:Generated_Source\PSoC5/Threshold.c **** 
 174:Generated_Source\PSoC5/Threshold.c ****     /* This is a work around for PSoC5A  ,
 175:Generated_Source\PSoC5/Threshold.c ****     this sets VDAC to current mode with output off */
 176:Generated_Source\PSoC5/Threshold.c ****     #if (CY_PSOC5A)
 177:Generated_Source\PSoC5/Threshold.c ****         Threshold_backup.data_value = Threshold_CR0;
 178:Generated_Source\PSoC5/Threshold.c ****         Threshold_CR0 = Threshold_CUR_MODE_OUT_OFF;
 179:Generated_Source\PSoC5/Threshold.c ****         Threshold_restoreVal = 1u;
 180:Generated_Source\PSoC5/Threshold.c ****     #endif /* CY_PSOC5A */
 181:Generated_Source\PSoC5/Threshold.c **** }
 182:Generated_Source\PSoC5/Threshold.c **** 
 183:Generated_Source\PSoC5/Threshold.c **** 
 184:Generated_Source\PSoC5/Threshold.c **** /*******************************************************************************
 185:Generated_Source\PSoC5/Threshold.c **** * Function Name: Threshold_SetSpeed
 186:Generated_Source\PSoC5/Threshold.c **** ********************************************************************************
 187:Generated_Source\PSoC5/Threshold.c **** *
 188:Generated_Source\PSoC5/Threshold.c **** * Summary:
 189:Generated_Source\PSoC5/Threshold.c **** *  Set DAC speed
 190:Generated_Source\PSoC5/Threshold.c **** *
 191:Generated_Source\PSoC5/Threshold.c **** * Parameters:
 192:Generated_Source\PSoC5/Threshold.c **** *  power: Sets speed value
 193:Generated_Source\PSoC5/Threshold.c **** *
 194:Generated_Source\PSoC5/Threshold.c **** * Return:
 195:Generated_Source\PSoC5/Threshold.c **** *  void
 196:Generated_Source\PSoC5/Threshold.c **** *
 197:Generated_Source\PSoC5/Threshold.c **** * Theory:
ARM GAS  C:\Users\Ludovic\AppData\Local\Temp\ccKUSJB4.s 			page 6


 198:Generated_Source\PSoC5/Threshold.c **** *
 199:Generated_Source\PSoC5/Threshold.c **** * Side Effects:
 200:Generated_Source\PSoC5/Threshold.c **** *
 201:Generated_Source\PSoC5/Threshold.c **** *******************************************************************************/
 202:Generated_Source\PSoC5/Threshold.c **** void Threshold_SetSpeed(uint8 speed) 
 203:Generated_Source\PSoC5/Threshold.c **** {
  89              		.loc 1 203 0
  90              		.cfi_startproc
  91              		@ args = 0, pretend = 0, frame = 0
  92              		@ frame_needed = 0, uses_anonymous_args = 0
  93              		@ link register save eliminated.
  94              	.LVL0:
 204:Generated_Source\PSoC5/Threshold.c ****     /* Clear power mask then write in new value */
 205:Generated_Source\PSoC5/Threshold.c ****     Threshold_CR0 &= (uint8)(~Threshold_HS_MASK);
  95              		.loc 1 205 0
  96 0000 054B     		ldr	r3, .L8
  97 0002 1A78     		ldrb	r2, [r3]	@ zero_extendqisi2
  98 0004 02F0FD02 		and	r2, r2, #253
  99 0008 1A70     		strb	r2, [r3]
 206:Generated_Source\PSoC5/Threshold.c ****     Threshold_CR0 |=  (speed & Threshold_HS_MASK);
 100              		.loc 1 206 0
 101 000a 1A78     		ldrb	r2, [r3]	@ zero_extendqisi2
 102 000c 00F00200 		and	r0, r0, #2
 103              	.LVL1:
 104 0010 1043     		orrs	r0, r0, r2
 105 0012 1870     		strb	r0, [r3]
 106 0014 7047     		bx	lr
 107              	.L9:
 108 0016 00BF     		.align	2
 109              	.L8:
 110 0018 28580040 		.word	1073764392
 111              		.cfi_endproc
 112              	.LFE4:
 113              		.size	Threshold_SetSpeed, .-Threshold_SetSpeed
 114              		.section	.text.Threshold_SetValue,"ax",%progbits
 115              		.align	2
 116              		.global	Threshold_SetValue
 117              		.thumb
 118              		.thumb_func
 119              		.type	Threshold_SetValue, %function
 120              	Threshold_SetValue:
 121              	.LFB6:
 207:Generated_Source\PSoC5/Threshold.c **** }
 208:Generated_Source\PSoC5/Threshold.c **** 
 209:Generated_Source\PSoC5/Threshold.c **** 
 210:Generated_Source\PSoC5/Threshold.c **** /*******************************************************************************
 211:Generated_Source\PSoC5/Threshold.c **** * Function Name: Threshold_SetRange
 212:Generated_Source\PSoC5/Threshold.c **** ********************************************************************************
 213:Generated_Source\PSoC5/Threshold.c **** *
 214:Generated_Source\PSoC5/Threshold.c **** * Summary:
 215:Generated_Source\PSoC5/Threshold.c **** *  Set one of three current ranges.
 216:Generated_Source\PSoC5/Threshold.c **** *
 217:Generated_Source\PSoC5/Threshold.c **** * Parameters:
 218:Generated_Source\PSoC5/Threshold.c **** *  Range: Sets one of Three valid ranges.
 219:Generated_Source\PSoC5/Threshold.c **** *
 220:Generated_Source\PSoC5/Threshold.c **** * Return:
 221:Generated_Source\PSoC5/Threshold.c **** *  void 
ARM GAS  C:\Users\Ludovic\AppData\Local\Temp\ccKUSJB4.s 			page 7


 222:Generated_Source\PSoC5/Threshold.c **** *
 223:Generated_Source\PSoC5/Threshold.c **** * Theory:
 224:Generated_Source\PSoC5/Threshold.c **** *
 225:Generated_Source\PSoC5/Threshold.c **** * Side Effects:
 226:Generated_Source\PSoC5/Threshold.c **** *
 227:Generated_Source\PSoC5/Threshold.c **** *******************************************************************************/
 228:Generated_Source\PSoC5/Threshold.c **** void Threshold_SetRange(uint8 range) 
 229:Generated_Source\PSoC5/Threshold.c **** {
 230:Generated_Source\PSoC5/Threshold.c ****     Threshold_CR0 &= (uint8)(~Threshold_RANGE_MASK);      /* Clear existing mode */
 231:Generated_Source\PSoC5/Threshold.c ****     Threshold_CR0 |= (range & Threshold_RANGE_MASK);      /*  Set Range  */
 232:Generated_Source\PSoC5/Threshold.c ****     Threshold_DacTrim();
 233:Generated_Source\PSoC5/Threshold.c **** }
 234:Generated_Source\PSoC5/Threshold.c **** 
 235:Generated_Source\PSoC5/Threshold.c **** 
 236:Generated_Source\PSoC5/Threshold.c **** /*******************************************************************************
 237:Generated_Source\PSoC5/Threshold.c **** * Function Name: Threshold_SetValue
 238:Generated_Source\PSoC5/Threshold.c **** ********************************************************************************
 239:Generated_Source\PSoC5/Threshold.c **** *
 240:Generated_Source\PSoC5/Threshold.c **** * Summary:
 241:Generated_Source\PSoC5/Threshold.c **** *  Set 8-bit DAC value
 242:Generated_Source\PSoC5/Threshold.c **** *
 243:Generated_Source\PSoC5/Threshold.c **** * Parameters:  
 244:Generated_Source\PSoC5/Threshold.c **** *  value:  Sets DAC value between 0 and 255.
 245:Generated_Source\PSoC5/Threshold.c **** *
 246:Generated_Source\PSoC5/Threshold.c **** * Return: 
 247:Generated_Source\PSoC5/Threshold.c **** *  void 
 248:Generated_Source\PSoC5/Threshold.c **** *
 249:Generated_Source\PSoC5/Threshold.c **** * Theory: 
 250:Generated_Source\PSoC5/Threshold.c **** *
 251:Generated_Source\PSoC5/Threshold.c **** * Side Effects:
 252:Generated_Source\PSoC5/Threshold.c **** *
 253:Generated_Source\PSoC5/Threshold.c **** *******************************************************************************/
 254:Generated_Source\PSoC5/Threshold.c **** void Threshold_SetValue(uint8 value) 
 255:Generated_Source\PSoC5/Threshold.c **** {
 122              		.loc 1 255 0
 123              		.cfi_startproc
 124              		@ args = 0, pretend = 0, frame = 0
 125              		@ frame_needed = 0, uses_anonymous_args = 0
 126              		@ link register save eliminated.
 127              	.LVL2:
 256:Generated_Source\PSoC5/Threshold.c ****     #if (CY_PSOC5A)
 257:Generated_Source\PSoC5/Threshold.c ****         uint8 Threshold_intrStatus = CyEnterCriticalSection();
 258:Generated_Source\PSoC5/Threshold.c ****     #endif /* CY_PSOC5A */
 259:Generated_Source\PSoC5/Threshold.c **** 
 260:Generated_Source\PSoC5/Threshold.c ****     Threshold_Data = value;                /*  Set Value  */
 128              		.loc 1 260 0
 129 0000 014B     		ldr	r3, .L11
 130 0002 1870     		strb	r0, [r3]
 131 0004 7047     		bx	lr
 132              	.L12:
 133 0006 00BF     		.align	2
 134              	.L11:
 135 0008 825B0040 		.word	1073765250
 136              		.cfi_endproc
 137              	.LFE6:
 138              		.size	Threshold_SetValue, .-Threshold_SetValue
 139              		.section	.text.Threshold_DacTrim,"ax",%progbits
ARM GAS  C:\Users\Ludovic\AppData\Local\Temp\ccKUSJB4.s 			page 8


 140              		.align	2
 141              		.global	Threshold_DacTrim
 142              		.thumb
 143              		.thumb_func
 144              		.type	Threshold_DacTrim, %function
 145              	Threshold_DacTrim:
 146              	.LFB7:
 261:Generated_Source\PSoC5/Threshold.c **** 
 262:Generated_Source\PSoC5/Threshold.c ****     /* PSOC5A requires a double write */
 263:Generated_Source\PSoC5/Threshold.c ****     /* Exit Critical Section */
 264:Generated_Source\PSoC5/Threshold.c ****     #if (CY_PSOC5A)
 265:Generated_Source\PSoC5/Threshold.c ****         Threshold_Data = value;
 266:Generated_Source\PSoC5/Threshold.c ****         CyExitCriticalSection(Threshold_intrStatus);
 267:Generated_Source\PSoC5/Threshold.c ****     #endif /* CY_PSOC5A */
 268:Generated_Source\PSoC5/Threshold.c **** }
 269:Generated_Source\PSoC5/Threshold.c **** 
 270:Generated_Source\PSoC5/Threshold.c **** 
 271:Generated_Source\PSoC5/Threshold.c **** /*******************************************************************************
 272:Generated_Source\PSoC5/Threshold.c **** * Function Name: Threshold_DacTrim
 273:Generated_Source\PSoC5/Threshold.c **** ********************************************************************************
 274:Generated_Source\PSoC5/Threshold.c **** *
 275:Generated_Source\PSoC5/Threshold.c **** * Summary:
 276:Generated_Source\PSoC5/Threshold.c **** *  Set the trim value for the given range.
 277:Generated_Source\PSoC5/Threshold.c **** *
 278:Generated_Source\PSoC5/Threshold.c **** * Parameters:
 279:Generated_Source\PSoC5/Threshold.c **** *  range:  1V or 4V range.  See constants.
 280:Generated_Source\PSoC5/Threshold.c **** *
 281:Generated_Source\PSoC5/Threshold.c **** * Return:
 282:Generated_Source\PSoC5/Threshold.c **** *  void
 283:Generated_Source\PSoC5/Threshold.c **** *
 284:Generated_Source\PSoC5/Threshold.c **** * Theory: 
 285:Generated_Source\PSoC5/Threshold.c **** *
 286:Generated_Source\PSoC5/Threshold.c **** * Side Effects:
 287:Generated_Source\PSoC5/Threshold.c **** *
 288:Generated_Source\PSoC5/Threshold.c **** *******************************************************************************/
 289:Generated_Source\PSoC5/Threshold.c **** void Threshold_DacTrim(void) 
 290:Generated_Source\PSoC5/Threshold.c **** {
 147              		.loc 1 290 0
 148              		.cfi_startproc
 149              		@ args = 0, pretend = 0, frame = 0
 150              		@ frame_needed = 0, uses_anonymous_args = 0
 151              		@ link register save eliminated.
 291:Generated_Source\PSoC5/Threshold.c ****     uint8 mode;
 292:Generated_Source\PSoC5/Threshold.c **** 
 293:Generated_Source\PSoC5/Threshold.c ****     mode = (uint8)((Threshold_CR0 & Threshold_RANGE_MASK) >> 2) + Threshold_TRIM_M7_1V_RNG_OFFSET;
 152              		.loc 1 293 0
 153 0000 064B     		ldr	r3, .L14
 154 0002 1B78     		ldrb	r3, [r3]	@ zero_extendqisi2
 155 0004 C3F38103 		ubfx	r3, r3, #2, #2
 156              	.LVL3:
 294:Generated_Source\PSoC5/Threshold.c ****     Threshold_TR = CY_GET_XTND_REG8((uint8 *)(Threshold_DAC_TRIM_BASE + mode));
 157              		.loc 1 294 0
 158 0008 03F19243 		add	r3, r3, #1224736768
 159              	.LVL4:
 160 000c 0633     		adds	r3, r3, #6
 161              	.LVL5:
 162 000e 93F82831 		ldrb	r3, [r3, #296]	@ zero_extendqisi2
ARM GAS  C:\Users\Ludovic\AppData\Local\Temp\ccKUSJB4.s 			page 9


 163              	.LVL6:
 164 0012 DBB2     		uxtb	r3, r3
 165 0014 024A     		ldr	r2, .L14+4
 166 0016 1370     		strb	r3, [r2]
 167 0018 7047     		bx	lr
 168              	.L15:
 169 001a 00BF     		.align	2
 170              	.L14:
 171 001c 28580040 		.word	1073764392
 172 0020 0A460040 		.word	1073759754
 173              		.cfi_endproc
 174              	.LFE7:
 175              		.size	Threshold_DacTrim, .-Threshold_DacTrim
 176              		.section	.text.Threshold_SetRange,"ax",%progbits
 177              		.align	2
 178              		.global	Threshold_SetRange
 179              		.thumb
 180              		.thumb_func
 181              		.type	Threshold_SetRange, %function
 182              	Threshold_SetRange:
 183              	.LFB5:
 229:Generated_Source\PSoC5/Threshold.c ****     Threshold_CR0 &= (uint8)(~Threshold_RANGE_MASK);      /* Clear existing mode */
 184              		.loc 1 229 0
 185              		.cfi_startproc
 186              		@ args = 0, pretend = 0, frame = 0
 187              		@ frame_needed = 0, uses_anonymous_args = 0
 188              	.LVL7:
 189 0000 08B5     		push	{r3, lr}
 190              		.cfi_def_cfa_offset 8
 191              		.cfi_offset 3, -8
 192              		.cfi_offset 14, -4
 230:Generated_Source\PSoC5/Threshold.c ****     Threshold_CR0 |= (range & Threshold_RANGE_MASK);      /*  Set Range  */
 193              		.loc 1 230 0
 194 0002 064B     		ldr	r3, .L18
 195 0004 1A78     		ldrb	r2, [r3]	@ zero_extendqisi2
 196 0006 02F0F302 		and	r2, r2, #243
 197 000a 1A70     		strb	r2, [r3]
 231:Generated_Source\PSoC5/Threshold.c ****     Threshold_DacTrim();
 198              		.loc 1 231 0
 199 000c 1A78     		ldrb	r2, [r3]	@ zero_extendqisi2
 200 000e 00F00C00 		and	r0, r0, #12
 201              	.LVL8:
 202 0012 1043     		orrs	r0, r0, r2
 203 0014 1870     		strb	r0, [r3]
 232:Generated_Source\PSoC5/Threshold.c **** }
 204              		.loc 1 232 0
 205 0016 FFF7FEFF 		bl	Threshold_DacTrim
 206              	.LVL9:
 207 001a 08BD     		pop	{r3, pc}
 208              	.L19:
 209              		.align	2
 210              	.L18:
 211 001c 28580040 		.word	1073764392
 212              		.cfi_endproc
 213              	.LFE5:
 214              		.size	Threshold_SetRange, .-Threshold_SetRange
 215              		.section	.text.Threshold_Init,"ax",%progbits
ARM GAS  C:\Users\Ludovic\AppData\Local\Temp\ccKUSJB4.s 			page 10


 216              		.align	2
 217              		.global	Threshold_Init
 218              		.thumb
 219              		.thumb_func
 220              		.type	Threshold_Init, %function
 221              	Threshold_Init:
 222              	.LFB0:
  56:Generated_Source\PSoC5/Threshold.c ****     Threshold_CR0 = (Threshold_MODE_V );
 223              		.loc 1 56 0
 224              		.cfi_startproc
 225              		@ args = 0, pretend = 0, frame = 0
 226              		@ frame_needed = 0, uses_anonymous_args = 0
 227 0000 08B5     		push	{r3, lr}
 228              		.cfi_def_cfa_offset 8
 229              		.cfi_offset 3, -8
 230              		.cfi_offset 14, -4
  57:Generated_Source\PSoC5/Threshold.c **** 
 231              		.loc 1 57 0
 232 0002 0023     		movs	r3, #0
 233 0004 054A     		ldr	r2, .L22
 234 0006 1370     		strb	r3, [r2]
  63:Generated_Source\PSoC5/Threshold.c ****     #endif /* (Threshold_DEFAULT_DATA_SRC != 0 ) */
 235              		.loc 1 63 0
 236 0008 0132     		adds	r2, r2, #1
 237 000a 1370     		strb	r3, [r2]
  72:Generated_Source\PSoC5/Threshold.c **** 
 238              		.loc 1 72 0
 239 000c 0420     		movs	r0, #4
 240 000e FFF7FEFF 		bl	Threshold_SetRange
 241              	.LVL10:
  75:Generated_Source\PSoC5/Threshold.c **** }
 242              		.loc 1 75 0
 243 0012 0220     		movs	r0, #2
 244 0014 FFF7FEFF 		bl	Threshold_SetSpeed
 245              	.LVL11:
 246 0018 08BD     		pop	{r3, pc}
 247              	.L23:
 248 001a 00BF     		.align	2
 249              	.L22:
 250 001c 28580040 		.word	1073764392
 251              		.cfi_endproc
 252              	.LFE0:
 253              		.size	Threshold_Init, .-Threshold_Init
 254              		.section	.text.Threshold_Start,"ax",%progbits
 255              		.align	2
 256              		.global	Threshold_Start
 257              		.thumb
 258              		.thumb_func
 259              		.type	Threshold_Start, %function
 260              	Threshold_Start:
 261              	.LFB2:
 134:Generated_Source\PSoC5/Threshold.c ****     /* Hardware initiazation only needs to occure the first time */
 262              		.loc 1 134 0
 263              		.cfi_startproc
 264              		@ args = 0, pretend = 0, frame = 0
 265              		@ frame_needed = 0, uses_anonymous_args = 0
 266 0000 08B5     		push	{r3, lr}
ARM GAS  C:\Users\Ludovic\AppData\Local\Temp\ccKUSJB4.s 			page 11


 267              		.cfi_def_cfa_offset 8
 268              		.cfi_offset 3, -8
 269              		.cfi_offset 14, -4
 136:Generated_Source\PSoC5/Threshold.c ****     { 
 270              		.loc 1 136 0
 271 0002 074B     		ldr	r3, .L27
 272 0004 1B78     		ldrb	r3, [r3]	@ zero_extendqisi2
 273 0006 23B9     		cbnz	r3, .L25
 138:Generated_Source\PSoC5/Threshold.c ****         Threshold_initVar = 1u;
 274              		.loc 1 138 0
 275 0008 FFF7FEFF 		bl	Threshold_Init
 276              	.LVL12:
 139:Generated_Source\PSoC5/Threshold.c ****     }
 277              		.loc 1 139 0
 278 000c 0122     		movs	r2, #1
 279 000e 044B     		ldr	r3, .L27
 280 0010 1A70     		strb	r2, [r3]
 281              	.L25:
 143:Generated_Source\PSoC5/Threshold.c **** 
 282              		.loc 1 143 0
 283 0012 FFF7FEFF 		bl	Threshold_Enable
 284              	.LVL13:
 146:Generated_Source\PSoC5/Threshold.c **** }
 285              		.loc 1 146 0
 286 0016 BB20     		movs	r0, #187
 287 0018 FFF7FEFF 		bl	Threshold_SetValue
 288              	.LVL14:
 289 001c 08BD     		pop	{r3, pc}
 290              	.L28:
 291 001e 00BF     		.align	2
 292              	.L27:
 293 0020 00000000 		.word	.LANCHOR0
 294              		.cfi_endproc
 295              	.LFE2:
 296              		.size	Threshold_Start, .-Threshold_Start
 297              		.global	Threshold_initVar
 298              		.bss
 299              		.set	.LANCHOR0,. + 0
 300              		.type	Threshold_initVar, %object
 301              		.size	Threshold_initVar, 1
 302              	Threshold_initVar:
 303 0000 00       		.space	1
 304              		.text
 305              	.Letext0:
 306              		.file 2 "Generated_Source\\PSoC5\\cytypes.h"
 307              		.section	.debug_info,"",%progbits
 308              	.Ldebug_info0:
 309 0000 DA010000 		.4byte	0x1da
 310 0004 0400     		.2byte	0x4
 311 0006 00000000 		.4byte	.Ldebug_abbrev0
 312 000a 04       		.byte	0x4
 313 000b 01       		.uleb128 0x1
 314 000c F9000000 		.4byte	.LASF25
 315 0010 01       		.byte	0x1
 316 0011 BC010000 		.4byte	.LASF26
 317 0015 67000000 		.4byte	.LASF27
 318 0019 00000000 		.4byte	.Ldebug_ranges0+0
ARM GAS  C:\Users\Ludovic\AppData\Local\Temp\ccKUSJB4.s 			page 12


 319 001d 00000000 		.4byte	0
 320 0021 00000000 		.4byte	.Ldebug_line0
 321 0025 02       		.uleb128 0x2
 322 0026 01       		.byte	0x1
 323 0027 06       		.byte	0x6
 324 0028 49020000 		.4byte	.LASF0
 325 002c 02       		.uleb128 0x2
 326 002d 01       		.byte	0x1
 327 002e 08       		.byte	0x8
 328 002f 42000000 		.4byte	.LASF1
 329 0033 02       		.uleb128 0x2
 330 0034 02       		.byte	0x2
 331 0035 05       		.byte	0x5
 332 0036 0F020000 		.4byte	.LASF2
 333 003a 02       		.uleb128 0x2
 334 003b 02       		.byte	0x2
 335 003c 07       		.byte	0x7
 336 003d B7000000 		.4byte	.LASF3
 337 0041 02       		.uleb128 0x2
 338 0042 04       		.byte	0x4
 339 0043 05       		.byte	0x5
 340 0044 2E020000 		.4byte	.LASF4
 341 0048 02       		.uleb128 0x2
 342 0049 04       		.byte	0x4
 343 004a 07       		.byte	0x7
 344 004b 55000000 		.4byte	.LASF5
 345 004f 02       		.uleb128 0x2
 346 0050 08       		.byte	0x8
 347 0051 05       		.byte	0x5
 348 0052 EA010000 		.4byte	.LASF6
 349 0056 02       		.uleb128 0x2
 350 0057 08       		.byte	0x8
 351 0058 07       		.byte	0x7
 352 0059 A5010000 		.4byte	.LASF7
 353 005d 03       		.uleb128 0x3
 354 005e 04       		.byte	0x4
 355 005f 05       		.byte	0x5
 356 0060 696E7400 		.ascii	"int\000"
 357 0064 02       		.uleb128 0x2
 358 0065 04       		.byte	0x4
 359 0066 07       		.byte	0x7
 360 0067 98010000 		.4byte	.LASF8
 361 006b 04       		.uleb128 0x4
 362 006c 19020000 		.4byte	.LASF12
 363 0070 02       		.byte	0x2
 364 0071 9201     		.2byte	0x192
 365 0073 2C000000 		.4byte	0x2c
 366 0077 02       		.uleb128 0x2
 367 0078 04       		.byte	0x4
 368 0079 04       		.byte	0x4
 369 007a 3C000000 		.4byte	.LASF9
 370 007e 02       		.uleb128 0x2
 371 007f 08       		.byte	0x8
 372 0080 04       		.byte	0x4
 373 0081 E3000000 		.4byte	.LASF10
 374 0085 02       		.uleb128 0x2
 375 0086 01       		.byte	0x1
ARM GAS  C:\Users\Ludovic\AppData\Local\Temp\ccKUSJB4.s 			page 13


 376 0087 08       		.byte	0x8
 377 0088 F8010000 		.4byte	.LASF11
 378 008c 04       		.uleb128 0x4
 379 008d 50000000 		.4byte	.LASF13
 380 0091 02       		.byte	0x2
 381 0092 3C02     		.2byte	0x23c
 382 0094 98000000 		.4byte	0x98
 383 0098 05       		.uleb128 0x5
 384 0099 6B000000 		.4byte	0x6b
 385 009d 06       		.uleb128 0x6
 386 009e 87010000 		.4byte	.LASF14
 387 00a2 01       		.byte	0x1
 388 00a3 60       		.byte	0x60
 389 00a4 00000000 		.4byte	.LFB1
 390 00a8 1C000000 		.4byte	.LFE1-.LFB1
 391 00ac 01       		.uleb128 0x1
 392 00ad 9C       		.byte	0x9c
 393 00ae 06       		.uleb128 0x6
 394 00af 1F020000 		.4byte	.LASF15
 395 00b3 01       		.byte	0x1
 396 00b4 A8       		.byte	0xa8
 397 00b5 00000000 		.4byte	.LFB3
 398 00b9 1C000000 		.4byte	.LFE3-.LFB3
 399 00bd 01       		.uleb128 0x1
 400 00be 9C       		.byte	0x9c
 401 00bf 07       		.uleb128 0x7
 402 00c0 10000000 		.4byte	.LASF16
 403 00c4 01       		.byte	0x1
 404 00c5 CA       		.byte	0xca
 405 00c6 00000000 		.4byte	.LFB4
 406 00ca 1C000000 		.4byte	.LFE4-.LFB4
 407 00ce 01       		.uleb128 0x1
 408 00cf 9C       		.byte	0x9c
 409 00d0 E4000000 		.4byte	0xe4
 410 00d4 08       		.uleb128 0x8
 411 00d5 DF010000 		.4byte	.LASF18
 412 00d9 01       		.byte	0x1
 413 00da CA       		.byte	0xca
 414 00db 6B000000 		.4byte	0x6b
 415 00df 00000000 		.4byte	.LLST0
 416 00e3 00       		.byte	0
 417 00e4 07       		.uleb128 0x7
 418 00e5 29000000 		.4byte	.LASF17
 419 00e9 01       		.byte	0x1
 420 00ea FE       		.byte	0xfe
 421 00eb 00000000 		.4byte	.LFB6
 422 00ef 0C000000 		.4byte	.LFE6-.LFB6
 423 00f3 01       		.uleb128 0x1
 424 00f4 9C       		.byte	0x9c
 425 00f5 07010000 		.4byte	0x107
 426 00f9 09       		.uleb128 0x9
 427 00fa 23000000 		.4byte	.LASF19
 428 00fe 01       		.byte	0x1
 429 00ff FE       		.byte	0xfe
 430 0100 6B000000 		.4byte	0x6b
 431 0104 01       		.uleb128 0x1
 432 0105 50       		.byte	0x50
ARM GAS  C:\Users\Ludovic\AppData\Local\Temp\ccKUSJB4.s 			page 14


 433 0106 00       		.byte	0
 434 0107 0A       		.uleb128 0xa
 435 0108 37020000 		.4byte	.LASF20
 436 010c 01       		.byte	0x1
 437 010d 2101     		.2byte	0x121
 438 010f 00000000 		.4byte	.LFB7
 439 0113 24000000 		.4byte	.LFE7-.LFB7
 440 0117 01       		.uleb128 0x1
 441 0118 9C       		.byte	0x9c
 442 0119 2E010000 		.4byte	0x12e
 443 011d 0B       		.uleb128 0xb
 444 011e E5010000 		.4byte	.LASF28
 445 0122 01       		.byte	0x1
 446 0123 2301     		.2byte	0x123
 447 0125 6B000000 		.4byte	0x6b
 448 0129 21000000 		.4byte	.LLST1
 449 012d 00       		.byte	0
 450 012e 07       		.uleb128 0x7
 451 012f CA000000 		.4byte	.LASF21
 452 0133 01       		.byte	0x1
 453 0134 E4       		.byte	0xe4
 454 0135 00000000 		.4byte	.LFB5
 455 0139 20000000 		.4byte	.LFE5-.LFB5
 456 013d 01       		.uleb128 0x1
 457 013e 9C       		.byte	0x9c
 458 013f 5C010000 		.4byte	0x15c
 459 0143 08       		.uleb128 0x8
 460 0144 DD000000 		.4byte	.LASF22
 461 0148 01       		.byte	0x1
 462 0149 E4       		.byte	0xe4
 463 014a 6B000000 		.4byte	0x6b
 464 014e 58000000 		.4byte	.LLST2
 465 0152 0C       		.uleb128 0xc
 466 0153 1A000000 		.4byte	.LVL9
 467 0157 07010000 		.4byte	0x107
 468 015b 00       		.byte	0
 469 015c 07       		.uleb128 0x7
 470 015d EA000000 		.4byte	.LASF23
 471 0161 01       		.byte	0x1
 472 0162 37       		.byte	0x37
 473 0163 00000000 		.4byte	.LFB0
 474 0167 20000000 		.4byte	.LFE0-.LFB0
 475 016b 01       		.uleb128 0x1
 476 016c 9C       		.byte	0x9c
 477 016d 94010000 		.4byte	0x194
 478 0171 0D       		.uleb128 0xd
 479 0172 12000000 		.4byte	.LVL10
 480 0176 2E010000 		.4byte	0x12e
 481 017a 84010000 		.4byte	0x184
 482 017e 0E       		.uleb128 0xe
 483 017f 01       		.uleb128 0x1
 484 0180 50       		.byte	0x50
 485 0181 01       		.uleb128 0x1
 486 0182 34       		.byte	0x34
 487 0183 00       		.byte	0
 488 0184 0F       		.uleb128 0xf
 489 0185 18000000 		.4byte	.LVL11
ARM GAS  C:\Users\Ludovic\AppData\Local\Temp\ccKUSJB4.s 			page 15


 490 0189 BF000000 		.4byte	0xbf
 491 018d 0E       		.uleb128 0xe
 492 018e 01       		.uleb128 0x1
 493 018f 50       		.byte	0x50
 494 0190 01       		.uleb128 0x1
 495 0191 32       		.byte	0x32
 496 0192 00       		.byte	0
 497 0193 00       		.byte	0
 498 0194 07       		.uleb128 0x7
 499 0195 00000000 		.4byte	.LASF24
 500 0199 01       		.byte	0x1
 501 019a 85       		.byte	0x85
 502 019b 00000000 		.4byte	.LFB2
 503 019f 24000000 		.4byte	.LFE2-.LFB2
 504 01a3 01       		.uleb128 0x1
 505 01a4 9C       		.byte	0x9c
 506 01a5 CC010000 		.4byte	0x1cc
 507 01a9 0C       		.uleb128 0xc
 508 01aa 0C000000 		.4byte	.LVL12
 509 01ae 5C010000 		.4byte	0x15c
 510 01b2 0C       		.uleb128 0xc
 511 01b3 16000000 		.4byte	.LVL13
 512 01b7 9D000000 		.4byte	0x9d
 513 01bb 0F       		.uleb128 0xf
 514 01bc 1C000000 		.4byte	.LVL14
 515 01c0 E4000000 		.4byte	0xe4
 516 01c4 0E       		.uleb128 0xe
 517 01c5 01       		.uleb128 0x1
 518 01c6 50       		.byte	0x50
 519 01c7 02       		.uleb128 0x2
 520 01c8 09       		.byte	0x9
 521 01c9 BB       		.byte	0xbb
 522 01ca 00       		.byte	0
 523 01cb 00       		.byte	0
 524 01cc 10       		.uleb128 0x10
 525 01cd FD010000 		.4byte	.LASF29
 526 01d1 01       		.byte	0x1
 527 01d2 1B       		.byte	0x1b
 528 01d3 6B000000 		.4byte	0x6b
 529 01d7 05       		.uleb128 0x5
 530 01d8 03       		.byte	0x3
 531 01d9 00000000 		.4byte	Threshold_initVar
 532 01dd 00       		.byte	0
 533              		.section	.debug_abbrev,"",%progbits
 534              	.Ldebug_abbrev0:
 535 0000 01       		.uleb128 0x1
 536 0001 11       		.uleb128 0x11
 537 0002 01       		.byte	0x1
 538 0003 25       		.uleb128 0x25
 539 0004 0E       		.uleb128 0xe
 540 0005 13       		.uleb128 0x13
 541 0006 0B       		.uleb128 0xb
 542 0007 03       		.uleb128 0x3
 543 0008 0E       		.uleb128 0xe
 544 0009 1B       		.uleb128 0x1b
 545 000a 0E       		.uleb128 0xe
 546 000b 55       		.uleb128 0x55
ARM GAS  C:\Users\Ludovic\AppData\Local\Temp\ccKUSJB4.s 			page 16


 547 000c 17       		.uleb128 0x17
 548 000d 11       		.uleb128 0x11
 549 000e 01       		.uleb128 0x1
 550 000f 10       		.uleb128 0x10
 551 0010 17       		.uleb128 0x17
 552 0011 00       		.byte	0
 553 0012 00       		.byte	0
 554 0013 02       		.uleb128 0x2
 555 0014 24       		.uleb128 0x24
 556 0015 00       		.byte	0
 557 0016 0B       		.uleb128 0xb
 558 0017 0B       		.uleb128 0xb
 559 0018 3E       		.uleb128 0x3e
 560 0019 0B       		.uleb128 0xb
 561 001a 03       		.uleb128 0x3
 562 001b 0E       		.uleb128 0xe
 563 001c 00       		.byte	0
 564 001d 00       		.byte	0
 565 001e 03       		.uleb128 0x3
 566 001f 24       		.uleb128 0x24
 567 0020 00       		.byte	0
 568 0021 0B       		.uleb128 0xb
 569 0022 0B       		.uleb128 0xb
 570 0023 3E       		.uleb128 0x3e
 571 0024 0B       		.uleb128 0xb
 572 0025 03       		.uleb128 0x3
 573 0026 08       		.uleb128 0x8
 574 0027 00       		.byte	0
 575 0028 00       		.byte	0
 576 0029 04       		.uleb128 0x4
 577 002a 16       		.uleb128 0x16
 578 002b 00       		.byte	0
 579 002c 03       		.uleb128 0x3
 580 002d 0E       		.uleb128 0xe
 581 002e 3A       		.uleb128 0x3a
 582 002f 0B       		.uleb128 0xb
 583 0030 3B       		.uleb128 0x3b
 584 0031 05       		.uleb128 0x5
 585 0032 49       		.uleb128 0x49
 586 0033 13       		.uleb128 0x13
 587 0034 00       		.byte	0
 588 0035 00       		.byte	0
 589 0036 05       		.uleb128 0x5
 590 0037 35       		.uleb128 0x35
 591 0038 00       		.byte	0
 592 0039 49       		.uleb128 0x49
 593 003a 13       		.uleb128 0x13
 594 003b 00       		.byte	0
 595 003c 00       		.byte	0
 596 003d 06       		.uleb128 0x6
 597 003e 2E       		.uleb128 0x2e
 598 003f 00       		.byte	0
 599 0040 3F       		.uleb128 0x3f
 600 0041 19       		.uleb128 0x19
 601 0042 03       		.uleb128 0x3
 602 0043 0E       		.uleb128 0xe
 603 0044 3A       		.uleb128 0x3a
ARM GAS  C:\Users\Ludovic\AppData\Local\Temp\ccKUSJB4.s 			page 17


 604 0045 0B       		.uleb128 0xb
 605 0046 3B       		.uleb128 0x3b
 606 0047 0B       		.uleb128 0xb
 607 0048 27       		.uleb128 0x27
 608 0049 19       		.uleb128 0x19
 609 004a 11       		.uleb128 0x11
 610 004b 01       		.uleb128 0x1
 611 004c 12       		.uleb128 0x12
 612 004d 06       		.uleb128 0x6
 613 004e 40       		.uleb128 0x40
 614 004f 18       		.uleb128 0x18
 615 0050 9742     		.uleb128 0x2117
 616 0052 19       		.uleb128 0x19
 617 0053 00       		.byte	0
 618 0054 00       		.byte	0
 619 0055 07       		.uleb128 0x7
 620 0056 2E       		.uleb128 0x2e
 621 0057 01       		.byte	0x1
 622 0058 3F       		.uleb128 0x3f
 623 0059 19       		.uleb128 0x19
 624 005a 03       		.uleb128 0x3
 625 005b 0E       		.uleb128 0xe
 626 005c 3A       		.uleb128 0x3a
 627 005d 0B       		.uleb128 0xb
 628 005e 3B       		.uleb128 0x3b
 629 005f 0B       		.uleb128 0xb
 630 0060 27       		.uleb128 0x27
 631 0061 19       		.uleb128 0x19
 632 0062 11       		.uleb128 0x11
 633 0063 01       		.uleb128 0x1
 634 0064 12       		.uleb128 0x12
 635 0065 06       		.uleb128 0x6
 636 0066 40       		.uleb128 0x40
 637 0067 18       		.uleb128 0x18
 638 0068 9742     		.uleb128 0x2117
 639 006a 19       		.uleb128 0x19
 640 006b 01       		.uleb128 0x1
 641 006c 13       		.uleb128 0x13
 642 006d 00       		.byte	0
 643 006e 00       		.byte	0
 644 006f 08       		.uleb128 0x8
 645 0070 05       		.uleb128 0x5
 646 0071 00       		.byte	0
 647 0072 03       		.uleb128 0x3
 648 0073 0E       		.uleb128 0xe
 649 0074 3A       		.uleb128 0x3a
 650 0075 0B       		.uleb128 0xb
 651 0076 3B       		.uleb128 0x3b
 652 0077 0B       		.uleb128 0xb
 653 0078 49       		.uleb128 0x49
 654 0079 13       		.uleb128 0x13
 655 007a 02       		.uleb128 0x2
 656 007b 17       		.uleb128 0x17
 657 007c 00       		.byte	0
 658 007d 00       		.byte	0
 659 007e 09       		.uleb128 0x9
 660 007f 05       		.uleb128 0x5
ARM GAS  C:\Users\Ludovic\AppData\Local\Temp\ccKUSJB4.s 			page 18


 661 0080 00       		.byte	0
 662 0081 03       		.uleb128 0x3
 663 0082 0E       		.uleb128 0xe
 664 0083 3A       		.uleb128 0x3a
 665 0084 0B       		.uleb128 0xb
 666 0085 3B       		.uleb128 0x3b
 667 0086 0B       		.uleb128 0xb
 668 0087 49       		.uleb128 0x49
 669 0088 13       		.uleb128 0x13
 670 0089 02       		.uleb128 0x2
 671 008a 18       		.uleb128 0x18
 672 008b 00       		.byte	0
 673 008c 00       		.byte	0
 674 008d 0A       		.uleb128 0xa
 675 008e 2E       		.uleb128 0x2e
 676 008f 01       		.byte	0x1
 677 0090 3F       		.uleb128 0x3f
 678 0091 19       		.uleb128 0x19
 679 0092 03       		.uleb128 0x3
 680 0093 0E       		.uleb128 0xe
 681 0094 3A       		.uleb128 0x3a
 682 0095 0B       		.uleb128 0xb
 683 0096 3B       		.uleb128 0x3b
 684 0097 05       		.uleb128 0x5
 685 0098 27       		.uleb128 0x27
 686 0099 19       		.uleb128 0x19
 687 009a 11       		.uleb128 0x11
 688 009b 01       		.uleb128 0x1
 689 009c 12       		.uleb128 0x12
 690 009d 06       		.uleb128 0x6
 691 009e 40       		.uleb128 0x40
 692 009f 18       		.uleb128 0x18
 693 00a0 9742     		.uleb128 0x2117
 694 00a2 19       		.uleb128 0x19
 695 00a3 01       		.uleb128 0x1
 696 00a4 13       		.uleb128 0x13
 697 00a5 00       		.byte	0
 698 00a6 00       		.byte	0
 699 00a7 0B       		.uleb128 0xb
 700 00a8 34       		.uleb128 0x34
 701 00a9 00       		.byte	0
 702 00aa 03       		.uleb128 0x3
 703 00ab 0E       		.uleb128 0xe
 704 00ac 3A       		.uleb128 0x3a
 705 00ad 0B       		.uleb128 0xb
 706 00ae 3B       		.uleb128 0x3b
 707 00af 05       		.uleb128 0x5
 708 00b0 49       		.uleb128 0x49
 709 00b1 13       		.uleb128 0x13
 710 00b2 02       		.uleb128 0x2
 711 00b3 17       		.uleb128 0x17
 712 00b4 00       		.byte	0
 713 00b5 00       		.byte	0
 714 00b6 0C       		.uleb128 0xc
 715 00b7 898201   		.uleb128 0x4109
 716 00ba 00       		.byte	0
 717 00bb 11       		.uleb128 0x11
ARM GAS  C:\Users\Ludovic\AppData\Local\Temp\ccKUSJB4.s 			page 19


 718 00bc 01       		.uleb128 0x1
 719 00bd 31       		.uleb128 0x31
 720 00be 13       		.uleb128 0x13
 721 00bf 00       		.byte	0
 722 00c0 00       		.byte	0
 723 00c1 0D       		.uleb128 0xd
 724 00c2 898201   		.uleb128 0x4109
 725 00c5 01       		.byte	0x1
 726 00c6 11       		.uleb128 0x11
 727 00c7 01       		.uleb128 0x1
 728 00c8 31       		.uleb128 0x31
 729 00c9 13       		.uleb128 0x13
 730 00ca 01       		.uleb128 0x1
 731 00cb 13       		.uleb128 0x13
 732 00cc 00       		.byte	0
 733 00cd 00       		.byte	0
 734 00ce 0E       		.uleb128 0xe
 735 00cf 8A8201   		.uleb128 0x410a
 736 00d2 00       		.byte	0
 737 00d3 02       		.uleb128 0x2
 738 00d4 18       		.uleb128 0x18
 739 00d5 9142     		.uleb128 0x2111
 740 00d7 18       		.uleb128 0x18
 741 00d8 00       		.byte	0
 742 00d9 00       		.byte	0
 743 00da 0F       		.uleb128 0xf
 744 00db 898201   		.uleb128 0x4109
 745 00de 01       		.byte	0x1
 746 00df 11       		.uleb128 0x11
 747 00e0 01       		.uleb128 0x1
 748 00e1 31       		.uleb128 0x31
 749 00e2 13       		.uleb128 0x13
 750 00e3 00       		.byte	0
 751 00e4 00       		.byte	0
 752 00e5 10       		.uleb128 0x10
 753 00e6 34       		.uleb128 0x34
 754 00e7 00       		.byte	0
 755 00e8 03       		.uleb128 0x3
 756 00e9 0E       		.uleb128 0xe
 757 00ea 3A       		.uleb128 0x3a
 758 00eb 0B       		.uleb128 0xb
 759 00ec 3B       		.uleb128 0x3b
 760 00ed 0B       		.uleb128 0xb
 761 00ee 49       		.uleb128 0x49
 762 00ef 13       		.uleb128 0x13
 763 00f0 3F       		.uleb128 0x3f
 764 00f1 19       		.uleb128 0x19
 765 00f2 02       		.uleb128 0x2
 766 00f3 18       		.uleb128 0x18
 767 00f4 00       		.byte	0
 768 00f5 00       		.byte	0
 769 00f6 00       		.byte	0
 770              		.section	.debug_loc,"",%progbits
 771              	.Ldebug_loc0:
 772              	.LLST0:
 773 0000 00000000 		.4byte	.LVL0
 774 0004 10000000 		.4byte	.LVL1
ARM GAS  C:\Users\Ludovic\AppData\Local\Temp\ccKUSJB4.s 			page 20


 775 0008 0100     		.2byte	0x1
 776 000a 50       		.byte	0x50
 777 000b 10000000 		.4byte	.LVL1
 778 000f 1C000000 		.4byte	.LFE4
 779 0013 0400     		.2byte	0x4
 780 0015 F3       		.byte	0xf3
 781 0016 01       		.uleb128 0x1
 782 0017 50       		.byte	0x50
 783 0018 9F       		.byte	0x9f
 784 0019 00000000 		.4byte	0
 785 001d 00000000 		.4byte	0
 786              	.LLST1:
 787 0021 08000000 		.4byte	.LVL3
 788 0025 0C000000 		.4byte	.LVL4
 789 0029 0300     		.2byte	0x3
 790 002b 73       		.byte	0x73
 791 002c 06       		.sleb128 6
 792 002d 9F       		.byte	0x9f
 793 002e 0C000000 		.4byte	.LVL4
 794 0032 0E000000 		.4byte	.LVL5
 795 0036 0700     		.2byte	0x7
 796 0038 73       		.byte	0x73
 797 0039 868080B8 		.sleb128 -1224736762
 797      7B
 798 003e 9F       		.byte	0x9f
 799 003f 0E000000 		.4byte	.LVL5
 800 0043 12000000 		.4byte	.LVL6
 801 0047 0700     		.2byte	0x7
 802 0049 73       		.byte	0x73
 803 004a 808080B8 		.sleb128 -1224736768
 803      7B
 804 004f 9F       		.byte	0x9f
 805 0050 00000000 		.4byte	0
 806 0054 00000000 		.4byte	0
 807              	.LLST2:
 808 0058 00000000 		.4byte	.LVL7
 809 005c 12000000 		.4byte	.LVL8
 810 0060 0100     		.2byte	0x1
 811 0062 50       		.byte	0x50
 812 0063 12000000 		.4byte	.LVL8
 813 0067 20000000 		.4byte	.LFE5
 814 006b 0400     		.2byte	0x4
 815 006d F3       		.byte	0xf3
 816 006e 01       		.uleb128 0x1
 817 006f 50       		.byte	0x50
 818 0070 9F       		.byte	0x9f
 819 0071 00000000 		.4byte	0
 820 0075 00000000 		.4byte	0
 821              		.section	.debug_aranges,"",%progbits
 822 0000 54000000 		.4byte	0x54
 823 0004 0200     		.2byte	0x2
 824 0006 00000000 		.4byte	.Ldebug_info0
 825 000a 04       		.byte	0x4
 826 000b 00       		.byte	0
 827 000c 0000     		.2byte	0
 828 000e 0000     		.2byte	0
 829 0010 00000000 		.4byte	.LFB1
ARM GAS  C:\Users\Ludovic\AppData\Local\Temp\ccKUSJB4.s 			page 21


 830 0014 1C000000 		.4byte	.LFE1-.LFB1
 831 0018 00000000 		.4byte	.LFB3
 832 001c 1C000000 		.4byte	.LFE3-.LFB3
 833 0020 00000000 		.4byte	.LFB4
 834 0024 1C000000 		.4byte	.LFE4-.LFB4
 835 0028 00000000 		.4byte	.LFB6
 836 002c 0C000000 		.4byte	.LFE6-.LFB6
 837 0030 00000000 		.4byte	.LFB7
 838 0034 24000000 		.4byte	.LFE7-.LFB7
 839 0038 00000000 		.4byte	.LFB5
 840 003c 20000000 		.4byte	.LFE5-.LFB5
 841 0040 00000000 		.4byte	.LFB0
 842 0044 20000000 		.4byte	.LFE0-.LFB0
 843 0048 00000000 		.4byte	.LFB2
 844 004c 24000000 		.4byte	.LFE2-.LFB2
 845 0050 00000000 		.4byte	0
 846 0054 00000000 		.4byte	0
 847              		.section	.debug_ranges,"",%progbits
 848              	.Ldebug_ranges0:
 849 0000 00000000 		.4byte	.LFB1
 850 0004 1C000000 		.4byte	.LFE1
 851 0008 00000000 		.4byte	.LFB3
 852 000c 1C000000 		.4byte	.LFE3
 853 0010 00000000 		.4byte	.LFB4
 854 0014 1C000000 		.4byte	.LFE4
 855 0018 00000000 		.4byte	.LFB6
 856 001c 0C000000 		.4byte	.LFE6
 857 0020 00000000 		.4byte	.LFB7
 858 0024 24000000 		.4byte	.LFE7
 859 0028 00000000 		.4byte	.LFB5
 860 002c 20000000 		.4byte	.LFE5
 861 0030 00000000 		.4byte	.LFB0
 862 0034 20000000 		.4byte	.LFE0
 863 0038 00000000 		.4byte	.LFB2
 864 003c 24000000 		.4byte	.LFE2
 865 0040 00000000 		.4byte	0
 866 0044 00000000 		.4byte	0
 867              		.section	.debug_line,"",%progbits
 868              	.Ldebug_line0:
 869 0000 E2000000 		.section	.debug_str,"MS",%progbits,1
 869      02004600 
 869      00000201 
 869      FB0E0D00 
 869      01010101 
 870              	.LASF24:
 871 0000 54687265 		.ascii	"Threshold_Start\000"
 871      73686F6C 
 871      645F5374 
 871      61727400 
 872              	.LASF16:
 873 0010 54687265 		.ascii	"Threshold_SetSpeed\000"
 873      73686F6C 
 873      645F5365 
 873      74537065 
 873      656400
 874              	.LASF19:
 875 0023 76616C75 		.ascii	"value\000"
ARM GAS  C:\Users\Ludovic\AppData\Local\Temp\ccKUSJB4.s 			page 22


 875      6500
 876              	.LASF17:
 877 0029 54687265 		.ascii	"Threshold_SetValue\000"
 877      73686F6C 
 877      645F5365 
 877      7456616C 
 877      756500
 878              	.LASF9:
 879 003c 666C6F61 		.ascii	"float\000"
 879      7400
 880              	.LASF1:
 881 0042 756E7369 		.ascii	"unsigned char\000"
 881      676E6564 
 881      20636861 
 881      7200
 882              	.LASF13:
 883 0050 72656738 		.ascii	"reg8\000"
 883      00
 884              	.LASF5:
 885 0055 6C6F6E67 		.ascii	"long unsigned int\000"
 885      20756E73 
 885      69676E65 
 885      6420696E 
 885      7400
 886              	.LASF27:
 887 0067 433A5C55 		.ascii	"C:\\Users\\Ludovic\\Documents\\PSoC Creator\\CY8CKI"
 887      73657273 
 887      5C4C7564 
 887      6F766963 
 887      5C446F63 
 888 0095 542D3035 		.ascii	"T-050\\BE_Systemes_Embarques.cydsn\000"
 888      305C4245 
 888      5F537973 
 888      74656D65 
 888      735F456D 
 889              	.LASF3:
 890 00b7 73686F72 		.ascii	"short unsigned int\000"
 890      7420756E 
 890      7369676E 
 890      65642069 
 890      6E7400
 891              	.LASF21:
 892 00ca 54687265 		.ascii	"Threshold_SetRange\000"
 892      73686F6C 
 892      645F5365 
 892      7452616E 
 892      676500
 893              	.LASF22:
 894 00dd 72616E67 		.ascii	"range\000"
 894      6500
 895              	.LASF10:
 896 00e3 646F7562 		.ascii	"double\000"
 896      6C6500
 897              	.LASF23:
 898 00ea 54687265 		.ascii	"Threshold_Init\000"
 898      73686F6C 
 898      645F496E 
ARM GAS  C:\Users\Ludovic\AppData\Local\Temp\ccKUSJB4.s 			page 23


 898      697400
 899              	.LASF25:
 900 00f9 474E5520 		.ascii	"GNU C 4.9.3 20150303 (release) [ARM/embedded-4_9-br"
 900      4320342E 
 900      392E3320 
 900      32303135 
 900      30333033 
 901 012c 616E6368 		.ascii	"anch revision 221220] -mcpu=cortex-m3 -mthumb -g -O"
 901      20726576 
 901      6973696F 
 901      6E203232 
 901      31323230 
 902 015f 67202D66 		.ascii	"g -ffunction-sections -ffat-lto-objects\000"
 902      66756E63 
 902      74696F6E 
 902      2D736563 
 902      74696F6E 
 903              	.LASF14:
 904 0187 54687265 		.ascii	"Threshold_Enable\000"
 904      73686F6C 
 904      645F456E 
 904      61626C65 
 904      00
 905              	.LASF8:
 906 0198 756E7369 		.ascii	"unsigned int\000"
 906      676E6564 
 906      20696E74 
 906      00
 907              	.LASF7:
 908 01a5 6C6F6E67 		.ascii	"long long unsigned int\000"
 908      206C6F6E 
 908      6720756E 
 908      7369676E 
 908      65642069 
 909              	.LASF26:
 910 01bc 47656E65 		.ascii	"Generated_Source\\PSoC5\\Threshold.c\000"
 910      72617465 
 910      645F536F 
 910      75726365 
 910      5C50536F 
 911              	.LASF18:
 912 01df 73706565 		.ascii	"speed\000"
 912      6400
 913              	.LASF28:
 914 01e5 6D6F6465 		.ascii	"mode\000"
 914      00
 915              	.LASF6:
 916 01ea 6C6F6E67 		.ascii	"long long int\000"
 916      206C6F6E 
 916      6720696E 
 916      7400
 917              	.LASF11:
 918 01f8 63686172 		.ascii	"char\000"
 918      00
 919              	.LASF29:
 920 01fd 54687265 		.ascii	"Threshold_initVar\000"
 920      73686F6C 
ARM GAS  C:\Users\Ludovic\AppData\Local\Temp\ccKUSJB4.s 			page 24


 920      645F696E 
 920      69745661 
 920      7200
 921              	.LASF2:
 922 020f 73686F72 		.ascii	"short int\000"
 922      7420696E 
 922      7400
 923              	.LASF12:
 924 0219 75696E74 		.ascii	"uint8\000"
 924      3800
 925              	.LASF15:
 926 021f 54687265 		.ascii	"Threshold_Stop\000"
 926      73686F6C 
 926      645F5374 
 926      6F7000
 927              	.LASF4:
 928 022e 6C6F6E67 		.ascii	"long int\000"
 928      20696E74 
 928      00
 929              	.LASF20:
 930 0237 54687265 		.ascii	"Threshold_DacTrim\000"
 930      73686F6C 
 930      645F4461 
 930      63547269 
 930      6D00
 931              	.LASF0:
 932 0249 7369676E 		.ascii	"signed char\000"
 932      65642063 
 932      68617200 
 933              		.ident	"GCC: (GNU Tools for ARM Embedded Processors) 4.9.3 20150303 (release) [ARM/embedded-4_9-br
